2021-05-04 14:25:55,690 [INFO] Activator:170 - 


2021-05-04 14:25:55,693 [INFO] Activator:171 - !SESSION log4j initialized
2021-05-04 14:26:05,291 [INFO] McuFinderGlobals:40 - Set McuFinder mode to 2 (CubeIDE integrated)
2021-05-04 14:26:06,217 [INFO] ApplicationProperties:181 - Using Application install path: D:\Programas  uni\STM32CubeIDE_1.5.0\STM32CubeIDE\plugins\com.st.stm32cube.common.mx_6.1.0.202011121557
2021-05-04 14:26:06,229 [INFO] DbMcusXml:71 - Set database path to: D:\Programas  uni\STM32CubeIDE_1.5.0\STM32CubeIDE\plugins\com.st.stm32cube.common.mx_6.1.0.202011121557\\db\/mcu/
2021-05-04 14:26:06,234 [INFO] DbBoardsPdsc:57 - Set plugin database path to: D:\Programas  uni\STM32CubeIDE_1.5.0\STM32CubeIDE\plugins\com.st.stm32cube.common.mx_6.1.0.202011121557\\db\/plugins/boardmanager/
2021-05-04 14:26:06,236 [INFO] DbMcus:259 - Set plugin images path to: D:\Programas  uni\STM32CubeIDE_1.5.0\STM32CubeIDE\plugins\com.st.stm32cube.common.mx_6.1.0.202011121557\\db\/plugins/mcufinder/images/
2021-05-04 14:26:06,236 [INFO] DbBoards:265 - Set plugin images path to: D:\Programas  uni\STM32CubeIDE_1.5.0\STM32CubeIDE\plugins\com.st.stm32cube.common.mx_6.1.0.202011121557\\db\/plugins/mcufinder/images/
2021-05-04 14:26:06,241 [INFO] DbExamples:329 - Set plugin images path to: D:\Programas  uni\STM32CubeIDE_1.5.0\STM32CubeIDE\plugins\com.st.stm32cube.common.mx_6.1.0.202011121557\\db\/plugins/mcufinder/images/
2021-05-04 14:26:06,249 [INFO] DbMcusDocs:112 - Set database path to: C:\Users\PAQUI\.stmcufinder\plugins\mcufinder//mcu/
2021-05-04 14:26:06,253 [INFO] DbMcusJson:63 - Set database path to: C:\Users\PAQUI\.stmcufinder\plugins\mcufinder//mcu/
2021-05-04 14:26:06,254 [INFO] DbBoardsDocs:112 - Set database path to: C:\Users\PAQUI\.stmcufinder\plugins\mcufinder//mcu/
2021-05-04 14:26:06,256 [INFO] DbBoardsJson:56 - Set database path to: C:\Users\PAQUI\.stmcufinder\plugins\mcufinder//mcu/
2021-05-04 14:26:06,260 [INFO] CrossReferenceDbSqlite:196 - Set database path to: C:\Users\PAQUI\.stmcufinder\plugins\mcufinder//mcu/cs/
2021-05-04 14:26:06,264 [INFO] DbExamplesSqlite:699 - Set database path to: C:\Users\PAQUI\.stmcufinder\plugins\mcufinder//mcu/
2021-05-04 14:26:06,400 [INFO] RulesReader:52 - Compatibility file has been processed (228 Rules)
2021-05-04 14:26:06,507 [INFO] MicroXplorer:565 - Detected Java Version = 1.8.0_272
2021-05-04 14:26:06,507 [INFO] DbMcusXml:71 - Set database path to: D:\Programas  uni\STM32CubeIDE_1.5.0\STM32CubeIDE\plugins\com.st.stm32cube.common.mx_6.1.0.202011121557\\db\/mcu/
2021-05-04 14:26:06,508 [INFO] DbBoardsPdsc:57 - Set plugin database path to: D:\Programas  uni\STM32CubeIDE_1.5.0\STM32CubeIDE\plugins\com.st.stm32cube.common.mx_6.1.0.202011121557\\db\/plugins/boardmanager/
2021-05-04 14:26:06,509 [INFO] DbMcus:259 - Set plugin images path to: D:\Programas  uni\STM32CubeIDE_1.5.0\STM32CubeIDE\plugins\com.st.stm32cube.common.mx_6.1.0.202011121557\\db\/plugins/mcufinder/images/
2021-05-04 14:26:06,509 [INFO] DbBoards:265 - Set plugin images path to: D:\Programas  uni\STM32CubeIDE_1.5.0\STM32CubeIDE\plugins\com.st.stm32cube.common.mx_6.1.0.202011121557\\db\/plugins/mcufinder/images/
2021-05-04 14:26:06,509 [INFO] DbExamples:329 - Set plugin images path to: D:\Programas  uni\STM32CubeIDE_1.5.0\STM32CubeIDE\plugins\com.st.stm32cube.common.mx_6.1.0.202011121557\\db\/plugins/mcufinder/images/
2021-05-04 14:26:06,509 [WARN] DbFile:36 - Overriding database path with different value: C:\Users\PAQUI\.stmcufinder\plugins\mcufinder/ => C:\Users\PAQUI\.stmcufinder\plugins\mcufinder
2021-05-04 14:26:06,510 [INFO] DbMcusDocs:112 - Set database path to: C:\Users\PAQUI\.stmcufinder\plugins\mcufinder//mcu/
2021-05-04 14:26:06,510 [WARN] DbFile:36 - Overriding database path with different value: C:\Users\PAQUI\.stmcufinder\plugins\mcufinder/ => C:\Users\PAQUI\.stmcufinder\plugins\mcufinder
2021-05-04 14:26:06,510 [INFO] DbMcusJson:63 - Set database path to: C:\Users\PAQUI\.stmcufinder\plugins\mcufinder//mcu/
2021-05-04 14:26:06,510 [WARN] DbFile:36 - Overriding database path with different value: C:\Users\PAQUI\.stmcufinder\plugins\mcufinder/ => C:\Users\PAQUI\.stmcufinder\plugins\mcufinder
2021-05-04 14:26:06,510 [INFO] DbBoardsDocs:112 - Set database path to: C:\Users\PAQUI\.stmcufinder\plugins\mcufinder//mcu/
2021-05-04 14:26:06,511 [WARN] DbFile:36 - Overriding database path with different value: C:\Users\PAQUI\.stmcufinder\plugins\mcufinder/ => C:\Users\PAQUI\.stmcufinder\plugins\mcufinder
2021-05-04 14:26:06,511 [INFO] DbBoardsJson:56 - Set database path to: C:\Users\PAQUI\.stmcufinder\plugins\mcufinder//mcu/
2021-05-04 14:26:06,511 [WARN] DbFile:36 - Overriding database path with different value: C:\Users\PAQUI\.stmcufinder\plugins\mcufinder/ => C:\Users\PAQUI\.stmcufinder\plugins\mcufinder
2021-05-04 14:26:06,511 [WARN] DbFile:36 - Overriding database path with different value: C:\Users\PAQUI\.stmcufinder\plugins\mcufinder/ => C:\Users\PAQUI\.stmcufinder\plugins\mcufinder
2021-05-04 14:26:06,511 [INFO] CrossReferenceDbSqlite:196 - Set database path to: C:\Users\PAQUI\.stmcufinder\plugins\mcufinder//mcu/cs/
2021-05-04 14:26:06,511 [WARN] DbFile:36 - Overriding database path with different value: C:\Users\PAQUI\.stmcufinder\plugins\mcufinder/ => C:\Users\PAQUI\.stmcufinder\plugins\mcufinder
2021-05-04 14:26:06,512 [INFO] DbExamplesSqlite:699 - Set database path to: C:\Users\PAQUI\.stmcufinder\plugins\mcufinder//mcu/
2021-05-04 14:26:06,626 [INFO] MainPanel:190 - HeapMemory: 268435456
2021-05-04 14:26:06,725 [INFO] DbMcusXml:71 - Set database path to: D:\Programas  uni\STM32CubeIDE_1.5.0\STM32CubeIDE\plugins\com.st.stm32cube.common.mx_6.1.0.202011121557\\db\/mcu/
2021-05-04 14:26:06,726 [INFO] DbBoardsPdsc:57 - Set plugin database path to: D:\Programas  uni\STM32CubeIDE_1.5.0\STM32CubeIDE\plugins\com.st.stm32cube.common.mx_6.1.0.202011121557\\db\/plugins/boardmanager/
2021-05-04 14:26:06,726 [INFO] DbMcus:259 - Set plugin images path to: D:\Programas  uni\STM32CubeIDE_1.5.0\STM32CubeIDE\plugins\com.st.stm32cube.common.mx_6.1.0.202011121557\\db\/plugins/mcufinder/images/
2021-05-04 14:26:06,726 [INFO] DbBoards:265 - Set plugin images path to: D:\Programas  uni\STM32CubeIDE_1.5.0\STM32CubeIDE\plugins\com.st.stm32cube.common.mx_6.1.0.202011121557\\db\/plugins/mcufinder/images/
2021-05-04 14:26:06,726 [INFO] DbExamples:329 - Set plugin images path to: D:\Programas  uni\STM32CubeIDE_1.5.0\STM32CubeIDE\plugins\com.st.stm32cube.common.mx_6.1.0.202011121557\\db\/plugins/mcufinder/images/
2021-05-04 14:26:06,727 [WARN] DbFile:36 - Overriding database path with different value: C:\Users\PAQUI\.stmcufinder\plugins\mcufinder/ => C:\Users\PAQUI\.stmcufinder\plugins\mcufinder
2021-05-04 14:26:06,727 [INFO] DbMcusDocs:112 - Set database path to: C:\Users\PAQUI\.stmcufinder\plugins\mcufinder//mcu/
2021-05-04 14:26:06,727 [WARN] DbFile:36 - Overriding database path with different value: C:\Users\PAQUI\.stmcufinder\plugins\mcufinder/ => C:\Users\PAQUI\.stmcufinder\plugins\mcufinder
2021-05-04 14:26:06,728 [INFO] DbMcusJson:63 - Set database path to: C:\Users\PAQUI\.stmcufinder\plugins\mcufinder//mcu/
2021-05-04 14:26:06,728 [WARN] DbFile:36 - Overriding database path with different value: C:\Users\PAQUI\.stmcufinder\plugins\mcufinder/ => C:\Users\PAQUI\.stmcufinder\plugins\mcufinder
2021-05-04 14:26:06,728 [INFO] DbBoardsDocs:112 - Set database path to: C:\Users\PAQUI\.stmcufinder\plugins\mcufinder//mcu/
2021-05-04 14:26:06,728 [WARN] DbFile:36 - Overriding database path with different value: C:\Users\PAQUI\.stmcufinder\plugins\mcufinder/ => C:\Users\PAQUI\.stmcufinder\plugins\mcufinder
2021-05-04 14:26:06,728 [INFO] DbBoardsJson:56 - Set database path to: C:\Users\PAQUI\.stmcufinder\plugins\mcufinder//mcu/
2021-05-04 14:26:06,728 [WARN] DbFile:36 - Overriding database path with different value: C:\Users\PAQUI\.stmcufinder\plugins\mcufinder/ => C:\Users\PAQUI\.stmcufinder\plugins\mcufinder
2021-05-04 14:26:06,729 [WARN] DbFile:36 - Overriding database path with different value: C:\Users\PAQUI\.stmcufinder\plugins\mcufinder/ => C:\Users\PAQUI\.stmcufinder\plugins\mcufinder
2021-05-04 14:26:06,729 [INFO] CrossReferenceDbSqlite:196 - Set database path to: C:\Users\PAQUI\.stmcufinder\plugins\mcufinder//mcu/cs/
2021-05-04 14:26:06,729 [WARN] DbFile:36 - Overriding database path with different value: C:\Users\PAQUI\.stmcufinder\plugins\mcufinder/ => C:\Users\PAQUI\.stmcufinder\plugins\mcufinder
2021-05-04 14:26:06,729 [INFO] DbExamplesSqlite:699 - Set database path to: C:\Users\PAQUI\.stmcufinder\plugins\mcufinder//mcu/
2021-05-04 14:26:06,751 [INFO] ApplicationProperties:181 - Using Application install path: D:\Programas  uni\STM32CubeIDE_1.5.0\STM32CubeIDE\plugins\com.st.stm32cube.common.mx_6.1.0.202011121557
2021-05-04 14:26:06,752 [INFO] PluginManage:178 - Search for loadable plugins [exclusion list=, ]
2021-05-04 14:26:06,753 [INFO] PluginManage:292 - Check plugin analytics
2021-05-04 14:26:15,984 [INFO] AnalyticsPlugin:225 - Accepted Software Licenses: 
2021-05-04 14:26:15,985 [INFO] AnalyticsPlugin:227 - Accepted CMSIS Pack Licenses: 
2021-05-04 14:26:15,986 [INFO] AnalyticsPlugin:229 - Accepted Firmware Licenses: 
2021-05-04 14:26:15,987 [INFO] PluginManage:342 - Loaded plugin analytics (category:tool,tabindex:-1)
2021-05-04 14:26:15,987 [INFO] PluginManage:292 - Check plugin clock
2021-05-04 14:26:16,005 [INFO] PluginManage:342 - Loaded plugin clock (category:base,tabindex:2)
2021-05-04 14:26:16,005 [INFO] PluginManage:292 - Check plugin ddr
2021-05-04 14:26:16,008 [INFO] PluginManage:342 - Loaded plugin ddr (category:tool,tabindex:6)
2021-05-04 14:26:16,008 [INFO] PluginManage:292 - Check plugin filemanager
2021-05-04 14:26:16,137 [INFO] PluginManage:342 - Loaded plugin filemanager (category:base,tabindex:10)
2021-05-04 14:26:16,137 [INFO] PluginManage:292 - Check plugin ipmanager
2021-05-04 14:26:16,146 [INFO] PluginManage:342 - Loaded plugin ipmanager (category:base,tabindex:5)
2021-05-04 14:26:16,146 [INFO] PluginManage:292 - Check plugin pinoutandconfiguration
2021-05-04 14:26:16,156 [INFO] PluginManage:342 - Loaded plugin pinoutandconfiguration (category:base,tabindex:1)
2021-05-04 14:26:16,156 [INFO] PluginManage:292 - Check plugin pinoutconfig
2021-05-04 14:26:16,184 [INFO] PluginManage:342 - Loaded plugin pinoutconfig (category:base,tabindex:0)
2021-05-04 14:26:16,185 [INFO] PluginManage:292 - Check plugin power
2021-05-04 14:26:16,193 [INFO] PluginManage:342 - Loaded plugin power (category:power,tabindex:4)
2021-05-04 14:26:16,194 [INFO] PluginManage:292 - Check plugin projectmanager
2021-05-04 14:26:16,212 [INFO] PluginManage:342 - Loaded plugin projectmanager (category:projectmanager,tabindex:3)
2021-05-04 14:26:16,213 [INFO] PluginManage:292 - Check plugin thirdparty
2021-05-04 14:26:16,326 [INFO] PluginManage:342 - Loaded plugin thirdparty (category:base,tabindex:-1)
2021-05-04 14:26:16,327 [WARN] IntegrityCheckThread:59 - waiting for thirdparty lock release [integrity check]
2021-05-04 14:26:16,327 [INFO] PluginManage:292 - Check plugin tools
2021-05-04 14:26:16,327 [INFO] IntegrityCheckThread:61 - entering critical section [integrity check]
2021-05-04 14:26:16,328 [INFO] ThirdPartyUpdaterWithRetryManager:56 - Updater plugin not ready yet. [1/15]
2021-05-04 14:26:16,331 [INFO] PluginManage:342 - Loaded plugin tools (category:base,tabindex:7)
2021-05-04 14:26:16,331 [INFO] PluginManage:292 - Check plugin tutovideos
2021-05-04 14:26:16,551 [INFO] PluginManage:342 - Loaded plugin tutovideos (category:base,tabindex:-1)
2021-05-04 14:26:16,551 [INFO] PluginManage:292 - Check plugin updater
2021-05-04 14:26:16,566 [INFO] PluginManage:342 - Loaded plugin updater (category:base,tabindex:12)
2021-05-04 14:26:16,568 [INFO] PluginManage:265 - PluginManage : Loaded plugins [13]
2021-05-04 14:26:16,754 [INFO] PinOutPanel:1434 - setPackage(No Configuration,No Configuration)
2021-05-04 14:26:16,852 [INFO] IPUIPlugin:64 - create IPUIPlugin
2021-05-04 14:26:16,853 [INFO] PluginManager:203 - loadIPPluginJar : add adc
2021-05-04 14:26:16,871 [INFO] IPUIPlugin:64 - create IPUIPlugin
2021-05-04 14:26:16,872 [INFO] PluginManager:203 - loadIPPluginJar : add aes
2021-05-04 14:26:16,874 [INFO] IPUIPlugin:64 - create IPUIPlugin
2021-05-04 14:26:16,875 [INFO] PluginManager:203 - loadIPPluginJar : add can
2021-05-04 14:26:16,876 [INFO] IPUIPlugin:64 - create IPUIPlugin
2021-05-04 14:26:16,877 [INFO] PluginManager:203 - loadIPPluginJar : add comp
2021-05-04 14:26:16,879 [INFO] IPUIPlugin:64 - create IPUIPlugin
2021-05-04 14:26:16,880 [INFO] PluginManager:203 - loadIPPluginJar : add cryp
2021-05-04 14:26:16,882 [INFO] IPUIPlugin:64 - create IPUIPlugin
2021-05-04 14:26:16,883 [INFO] PluginManager:203 - loadIPPluginJar : add dfsdm
2021-05-04 14:26:16,889 [INFO] IPUIPlugin:64 - create IPUIPlugin
2021-05-04 14:26:16,890 [INFO] PluginManager:203 - loadIPPluginJar : add dma
2021-05-04 14:26:16,892 [INFO] IPUIPlugin:64 - create IPUIPlugin
2021-05-04 14:26:16,893 [INFO] PluginManager:203 - loadIPPluginJar : add fatfs
2021-05-04 14:26:16,898 [INFO] IPUIPlugin:64 - create IPUIPlugin
2021-05-04 14:26:16,899 [INFO] PluginManager:203 - loadIPPluginJar : add fmc
2021-05-04 14:26:16,905 [INFO] IPUIPlugin:64 - create IPUIPlugin
2021-05-04 14:26:16,906 [INFO] PluginManager:203 - loadIPPluginJar : add freertos
2021-05-04 14:26:16,913 [INFO] IPUIPlugin:64 - create IPUIPlugin
2021-05-04 14:26:16,913 [INFO] PluginManager:203 - loadIPPluginJar : add genericplugin
2021-05-04 14:26:16,915 [INFO] IPUIPlugin:64 - create IPUIPlugin
2021-05-04 14:26:16,916 [INFO] PluginManager:203 - loadIPPluginJar : add gfxmmu
2021-05-04 14:26:16,921 [INFO] IPUIPlugin:64 - create IPUIPlugin
2021-05-04 14:26:16,921 [INFO] PluginManager:203 - loadIPPluginJar : add gic
2021-05-04 14:26:16,927 [INFO] IPUIPlugin:64 - create IPUIPlugin
2021-05-04 14:26:16,927 [INFO] PluginManager:203 - loadIPPluginJar : add gpio
2021-05-04 14:26:16,930 [INFO] IPUIPlugin:64 - create IPUIPlugin
2021-05-04 14:26:16,931 [INFO] PluginManager:203 - loadIPPluginJar : add gtzc
2021-05-04 14:26:16,933 [INFO] IPUIPlugin:64 - create IPUIPlugin
2021-05-04 14:26:16,934 [INFO] PluginManager:203 - loadIPPluginJar : add hash
2021-05-04 14:26:16,937 [INFO] IPUIPlugin:64 - create IPUIPlugin
2021-05-04 14:26:16,937 [INFO] PluginManager:203 - loadIPPluginJar : add i2c
2021-05-04 14:26:16,940 [INFO] IPUIPlugin:64 - create IPUIPlugin
2021-05-04 14:26:16,940 [INFO] PluginManager:203 - loadIPPluginJar : add i2s
2021-05-04 14:26:16,944 [INFO] IPUIPlugin:64 - create IPUIPlugin
2021-05-04 14:26:16,944 [INFO] PluginManager:203 - loadIPPluginJar : add ipddr
2021-05-04 14:26:16,947 [INFO] IPUIPlugin:64 - create IPUIPlugin
2021-05-04 14:26:16,947 [INFO] PluginManager:203 - loadIPPluginJar : add lorawan
2021-05-04 14:26:16,949 [INFO] IPUIPlugin:64 - create IPUIPlugin
2021-05-04 14:26:16,950 [INFO] PluginManager:203 - loadIPPluginJar : add ltdc
2021-05-04 14:26:16,954 [INFO] IPUIPlugin:64 - create IPUIPlugin
2021-05-04 14:26:16,954 [INFO] PluginManager:203 - loadIPPluginJar : add mdma
2021-05-04 14:26:16,957 [INFO] IPUIPlugin:64 - create IPUIPlugin
2021-05-04 14:26:16,958 [INFO] PluginManager:203 - loadIPPluginJar : add nvic
2021-05-04 14:26:16,961 [INFO] IPUIPlugin:64 - create IPUIPlugin
2021-05-04 14:26:16,962 [INFO] PluginManager:203 - loadIPPluginJar : add opamp
2021-05-04 14:26:16,965 [INFO] IPUIPlugin:64 - create IPUIPlugin
2021-05-04 14:26:16,966 [INFO] PluginManager:203 - loadIPPluginJar : add openamp
2021-05-04 14:26:16,969 [INFO] IPUIPlugin:64 - create IPUIPlugin
2021-05-04 14:26:16,970 [INFO] PluginManager:203 - loadIPPluginJar : add pdm2pcm
2021-05-04 14:26:16,977 [INFO] IPUIPlugin:64 - create IPUIPlugin
2021-05-04 14:26:16,980 [INFO] PluginManager:203 - loadIPPluginJar : add plateformsettings
2021-05-04 14:26:16,981 [INFO] IPUIPlugin:64 - create IPUIPlugin
2021-05-04 14:26:16,982 [INFO] PluginManager:203 - loadIPPluginJar : add quadspi
2021-05-04 14:26:16,985 [INFO] IPUIPlugin:64 - create IPUIPlugin
2021-05-04 14:26:16,986 [INFO] PluginManager:203 - loadIPPluginJar : add resmgrutility
2021-05-04 14:26:16,988 [INFO] IPUIPlugin:64 - create IPUIPlugin
2021-05-04 14:26:16,989 [INFO] PluginManager:203 - loadIPPluginJar : add sai
2021-05-04 14:26:16,991 [INFO] IPUIPlugin:64 - create IPUIPlugin
2021-05-04 14:26:16,991 [INFO] PluginManager:203 - loadIPPluginJar : add spi
2021-05-04 14:26:16,995 [INFO] IPUIPlugin:64 - create IPUIPlugin
2021-05-04 14:26:16,995 [INFO] PluginManager:203 - loadIPPluginJar : add stm32_wpan
2021-05-04 14:26:16,997 [INFO] IPUIPlugin:64 - create IPUIPlugin
2021-05-04 14:26:16,997 [INFO] PluginManager:203 - loadIPPluginJar : add tim
2021-05-04 14:26:16,999 [INFO] IPUIPlugin:64 - create IPUIPlugin
2021-05-04 14:26:16,999 [INFO] PluginManager:203 - loadIPPluginJar : add touchsensing
2021-05-04 14:26:17,001 [INFO] IPUIPlugin:64 - create IPUIPlugin
2021-05-04 14:26:17,001 [INFO] PluginManager:203 - loadIPPluginJar : add tracer_emb
2021-05-04 14:26:17,003 [INFO] IPUIPlugin:64 - create IPUIPlugin
2021-05-04 14:26:17,003 [INFO] PluginManager:203 - loadIPPluginJar : add ts
2021-05-04 14:26:17,005 [INFO] IPUIPlugin:64 - create IPUIPlugin
2021-05-04 14:26:17,005 [INFO] PluginManager:203 - loadIPPluginJar : add tsc
2021-05-04 14:26:17,007 [INFO] IPUIPlugin:64 - create IPUIPlugin
2021-05-04 14:26:17,007 [INFO] PluginManager:203 - loadIPPluginJar : add ucpd
2021-05-04 14:26:17,009 [INFO] IPUIPlugin:64 - create IPUIPlugin
2021-05-04 14:26:17,010 [INFO] PluginManager:203 - loadIPPluginJar : add usart
2021-05-04 14:26:17,252 [FATAL] Updater:284 - Updater called before beeing initialized
2021-05-04 14:26:17,357 [FATAL] Updater:284 - Updater called before beeing initialized
2021-05-04 14:26:17,397 [WARN] DetailPanel:347 - Failed to get advertising image, set to default
2021-05-04 14:26:17,401 [FATAL] Updater:284 - Updater called before beeing initialized
2021-05-04 14:26:17,402 [WARN] DetailPanel:347 - Failed to get advertising image, set to default
2021-05-04 14:26:17,442 [FATAL] Updater:284 - Updater called before beeing initialized
2021-05-04 14:26:17,442 [WARN] ThirdParty:783 - waiting for thirdparty lock release [close project]
2021-05-04 14:26:19,328 [INFO] ThirdPartyUpdaterWithRetryManager:56 - Updater plugin not ready yet. [2/15]
2021-05-04 14:26:22,330 [FATAL] Updater:284 - Updater called before beeing initialized
2021-05-04 14:26:22,330 [ERROR] AbstractThirdPartyUpdaterManager:153 - java.lang.Integer cannot be cast to java.util.List
2021-05-04 14:26:22,330 [INFO] ThirdParty:887 - Integrity check success = false
2021-05-04 14:26:22,330 [INFO] IntegrityCheckThread:75 - exiting critical section [integrity check]
2021-05-04 14:26:22,330 [INFO] IntegrityCheckThread:78 - End integrity checks thread
2021-05-04 14:26:22,330 [INFO] ThirdParty:785 - entering critical section [close project]
2021-05-04 14:26:22,332 [INFO] ThirdParty:796 - exiting critical section [close project]
2021-05-04 14:26:22,335 [INFO] PinOutPanel:1434 - setPackage(No Configuration,No Configuration)
2021-05-04 14:26:22,336 [FATAL] Updater:284 - Updater called before beeing initialized
2021-05-04 14:26:22,341 [ERROR] Updater:1065 - MainUpdater not yet initialized. External WinMGr cannot be set.
2021-05-04 14:26:22,343 [INFO] Updater:1002 - Updater Version found : 6.1.0
2021-05-04 14:26:22,359 [INFO] ApplicationProperties:181 - Using Application install path: D:\Programas  uni\STM32CubeIDE_1.5.0\STM32CubeIDE\plugins\com.st.stm32cube.common.mx_6.1.0.202011121557
2021-05-04 14:26:22,500 [INFO] MainUpdater:2644 - connection check result : 10
2021-05-04 14:26:22,501 [INFO] MainUpdater:249 - Updater Check For Update Now.
2021-05-04 14:26:22,501 [INFO] MicroXplorer:415 - Change Database Version : DB.6.0.10
2021-05-04 14:26:22,545 [INFO] CheckServerUpdateThread:102 - End of CheckServer Thread
2021-05-04 14:26:22,608 [INFO] MainUpdater:2644 - connection check result : 10
2021-05-04 14:26:23,098 [INFO] CrossSelectorPresenter:1330 - Cross Selector saved comparison directory: C:\Users\PAQUI\.stmcufinder\plugins\mcufinder\mcu\cs_comparisons_mx
2021-05-04 14:26:23,103 [INFO] MultiScanPanel:198 - Auto-refresh data requested => check proxy status ongoing
2021-05-04 14:26:23,106 [INFO] FinderPluginLoader:87 - Searching for filters in installed packs
2021-05-04 14:26:23,107 [INFO] DbMcusXml:97 - Load MCU database from D:\Programas  uni\STM32CubeIDE_1.5.0\STM32CubeIDE\plugins\com.st.stm32cube.common.mx_6.1.0.202011121557\\db\/mcu/families.xml
2021-05-04 14:26:23,782 [INFO] DbMcusJson:92 - JSON generation date=Mon Feb 08 14:35:07 CET 2021 (1612791307)
2021-05-04 14:26:24,621 [INFO] DbMcus:176 - Found 1835 MCUs (1796 are supported by CubeMX, 1804 are visible in CubeMX)
2021-05-04 14:26:24,622 [INFO] ApiDb:238 - Load user favorites file C:\Users\PAQUI/.stm32cubeide/favorites.mcus.txt: 0 item(s)
2021-05-04 14:26:24,622 [INFO] ApiDb:242 - User favorites MCUs=[]
2021-05-04 14:26:24,622 [INFO] DbMcus:188 - Set 0 / 0 favorites MCUs
2021-05-04 14:26:25,078 [WARN] DetailPanel:347 - Failed to get advertising image, set to default
2021-05-04 14:26:25,345 [INFO] McuFilterPanel:245 - Update 0 favorites MCUs
2021-05-04 14:26:25,427 [INFO] DbBoardsPdsc:91 - Found 24 items
2021-05-04 14:26:25,430 [INFO] DbBoardsPdsc:91 - Found 9 items
2021-05-04 14:26:25,434 [INFO] DbBoardsPdsc:91 - Found 32 items
2021-05-04 14:26:25,436 [INFO] DbBoardsPdsc:91 - Found 1 items
2021-05-04 14:26:25,441 [INFO] DbBoardsPdsc:91 - Found 45 items
2021-05-04 14:26:25,448 [INFO] DbBoardsPdsc:91 - Found 41 items
2021-05-04 14:26:25,450 [INFO] DbBoardsPdsc:91 - Found 2 items
2021-05-04 14:26:25,453 [INFO] DbBoardsPdsc:91 - Found 4 items
2021-05-04 14:26:25,481 [WARN] DbBoardsPdsc:255 - Board STM32H7B3I-DK: unknown feature type=Audio, name=, username=Audio stereo codec with Headphone Amp (CS42L51-CNZ), n=1
2021-05-04 14:26:25,482 [WARN] DbBoardsPdsc:255 - Board STM32H735G-DK: unknown feature type=Audio, name=, username=Audio stereo codec with Headphone Amp (WM8994ECS/R), n=1
2021-05-04 14:26:25,484 [WARN] DbBoardsPdsc:255 - Board STM32H7B3I-EVAL: unknown feature type=Audio, name=, username=Multi-Channel Audio Codec (CS42L51-CNZ), n=1
2021-05-04 14:26:25,484 [WARN] DbBoardsPdsc:255 - Board STM32H7B3I-EVAL: unknown feature type=Meter, name=, username=Power-metering and Temperature-monitoring with sigma-delta modulators, n=1
2021-05-04 14:26:25,484 [WARN] DbBoardsPdsc:255 - Board STM32H7B3I-EVAL: unknown feature type=Motor, name=, username=Motor Control, n=1
2021-05-04 14:26:25,505 [INFO] DbBoardsJson:85 - JSON generation date=Thu Feb 04 17:53:45 CET 2021 (1612457625)
2021-05-04 14:26:25,512 [INFO] DbBoards:118 - Found 160 boards (155 are supported by CubeMX)
2021-05-04 14:26:25,521 [INFO] DbBoardsDocs:145 - JSON generation date=Mon Feb 08 14:35:07 CET 2021 (1612791307)
2021-05-04 14:26:25,551 [INFO] DbBoardsDocs:81 - Found 193 boards documents
2021-05-04 14:26:25,552 [WARN] DbBoards:128 - board B-L462E-CELL1 has no document id list !
2021-05-04 14:26:25,552 [WARN] DbBoards:128 - board B-L475E-IOT01A2 has no document id list !
2021-05-04 14:26:25,553 [WARN] DbBoards:128 - board NUCLEO-G0B1RE has no document id list !
2021-05-04 14:26:25,553 [WARN] DbBoards:128 - board NUCLEO-H743ZI2 has no document id list !
2021-05-04 14:26:25,554 [WARN] DbBoards:128 - board NUCLEO-L4A6ZG has no document id list !
2021-05-04 14:26:25,555 [WARN] DbBoards:128 - board NUCLEO-WB55RG has no document id list !
2021-05-04 14:26:25,555 [WARN] DbBoards:128 - board NUCLEO-WL55JC1 has no document id list !
2021-05-04 14:26:25,555 [WARN] DbBoards:128 - board NUCLEO-WL55JC2 has no document id list !
2021-05-04 14:26:25,555 [WARN] DbBoards:128 - board P-NUCLEO-WB55-Nucleo has no document id list !
2021-05-04 14:26:25,555 [WARN] DbBoards:128 - board P-NUCLEO-WB55-USBDongle has no document id list !
2021-05-04 14:26:25,556 [WARN] DbBoards:128 - board STEVAL-BFA001V1B has no document id list !
2021-05-04 14:26:25,556 [WARN] DbBoards:128 - board STEVAL-BFA001V2B has no document id list !
2021-05-04 14:26:25,556 [WARN] DbBoards:128 - board STEVAL-IDP005V1 has no document id list !
2021-05-04 14:26:25,556 [WARN] DbBoards:128 - board STEVAL-IDP005V2 has no document id list !
2021-05-04 14:26:25,556 [WARN] DbBoards:128 - board STEVAL-MKSBOX1V1 has no document id list !
2021-05-04 14:26:25,556 [WARN] DbBoards:128 - board STEVAL-STWINKT1 has no document id list !
2021-05-04 14:26:25,556 [WARN] DbBoards:128 - board STEVAL-STWINKT1B has no document id list !
2021-05-04 14:26:25,557 [WARN] DbBoards:128 - board STM32F401C-DISCO has no document id list !
2021-05-04 14:26:25,558 [WARN] DbBoards:128 - board STM32F769I-DISC1 has no document id list !
2021-05-04 14:26:25,558 [WARN] DbBoards:128 - board STM32G0C1E-EV has no document id list !
2021-05-04 14:26:25,559 [WARN] DbBoards:128 - board STM32G474E-EVAL1 has no document id list !
2021-05-04 14:26:25,559 [WARN] DbBoards:128 - board STM32H743I-EVAL2 has no document id list !
2021-05-04 14:26:25,559 [WARN] DbBoards:128 - board STM32H747I-DISC1 has no document id list !
2021-05-04 14:26:25,559 [WARN] DbBoards:128 - board STM32H753I-EVAL2 has no document id list !
2021-05-04 14:26:25,560 [WARN] DbBoards:128 - board STM32L-DISCOVERY has no document id list !
2021-05-04 14:26:25,561 [WARN] DbBoards:128 - board STM32MP157A-DK1 has no document id list !
2021-05-04 14:26:25,561 [WARN] DbBoards:128 - board STM32MP157F-DK2 has no document id list !
2021-05-04 14:26:25,561 [WARN] DbBoards:128 - board STM32MP157F-EV1 has no document id list !
2021-05-04 14:26:25,950 [ERROR] DbBoards:190 - Image file not found for board NUCLEO-WL55JC: D:\Programas  uni\STM32CubeIDE_1.5.0\STM32CubeIDE\plugins\com.st.stm32cube.common.mx_6.1.0.202011121557\\db\/plugins/mcufinder/images/boards/nucleo-wl55jc-small.jpg
2021-05-04 14:26:26,148 [ERROR] DbBoards:190 - Image file not found for board STEVAL-STWINKT1B: D:\Programas  uni\STM32CubeIDE_1.5.0\STM32CubeIDE\plugins\com.st.stm32cube.common.mx_6.1.0.202011121557\\db\/plugins/mcufinder/images/boards/steval-stwinkt1b_small.jpg
2021-05-04 14:26:26,558 [ERROR] DbBoards:190 - Image file not found for board STM32H7B3I-EVAL: D:\Programas  uni\STM32CubeIDE_1.5.0\STM32CubeIDE\plugins\com.st.stm32cube.common.mx_6.1.0.202011121557\\db\/plugins/mcufinder/images/boards/stm32h7b3ieval_small.jpg
2021-05-04 14:26:26,761 [INFO] ApiDb:238 - Load user favorites file C:\Users\PAQUI/.stm32cubeide/favorites.boards.txt: 0 item(s)
2021-05-04 14:26:26,762 [INFO] ApiDb:242 - User favorites Boards=[]
2021-05-04 14:26:26,762 [INFO] DbBoards:207 - Set 0 / 0 favorites Boards
2021-05-04 14:29:01,168 [INFO] MainUpdater:2644 - connection check result : 10
2021-05-04 14:29:01,259 [INFO] CrossSelectorPresenter:1330 - Cross Selector saved comparison directory: C:\Users\PAQUI\.stmcufinder\plugins\mcufinder\mcu\cs_comparisons_mx
2021-05-04 14:29:01,261 [INFO] MultiScanPanel:198 - Auto-refresh data requested => check proxy status ongoing
2021-05-04 14:29:01,262 [INFO] FinderPluginLoader:87 - Searching for filters in installed packs
2021-05-04 14:29:01,516 [WARN] DetailPanel:347 - Failed to get advertising image, set to default
2021-05-04 14:29:01,765 [INFO] McuFilterPanel:245 - Update 0 favorites MCUs
2021-05-04 14:29:12,925 [INFO] MainUpdater:2644 - connection check result : 10
2021-05-04 14:29:12,925 [INFO] MainUpdater:2644 - connection check result : 10
2021-05-04 14:29:12,958 [INFO] MicroXplorer:385 - Change Database Path : 
2021-05-04 14:29:12,958 [INFO] MicroXplorer:415 - Change Database Version : DB.6.0.10
2021-05-04 14:29:12,958 [WARN] ThirdParty:783 - waiting for thirdparty lock release [close project]
2021-05-04 14:29:12,958 [INFO] ThirdParty:785 - entering critical section [close project]
2021-05-04 14:29:12,959 [INFO] ThirdParty:796 - exiting critical section [close project]
2021-05-04 14:29:12,961 [INFO] PinOutPanel:1434 - setPackage(No Configuration,No Configuration)
2021-05-04 14:29:12,963 [INFO] UtilMem:74 - Begin LoadConfig() Used Memory: 359516976 Bytes (473956352)
2021-05-04 14:29:12,970 [INFO] MicroXplorer:385 - Change Database Path : C:/Users/PAQUI/.stm32cubemx/databases/DB.5.0.60/db/
2021-05-04 14:29:12,970 [INFO] MicroXplorer:415 - Change Database Version : DB.5.0.60
2021-05-04 14:29:12,971 [INFO] LogOutputStream:76 - [STDOUT_REDIRECT] *****Project Manager Settings
2021-05-04 14:29:15,579 [INFO] MicroXplorer:385 - Change Database Path : 
2021-05-04 14:29:15,579 [INFO] MicroXplorer:415 - Change Database Version : DB.6.0.10
2021-05-04 14:29:15,580 [INFO] OpenFileManager:274 - Change cursor
2021-05-04 14:29:15,582 [WARN] ThirdParty:204 - Use empty third party IP manager
2021-05-04 14:29:15,602 [WARN] IntegrityCheckThread:59 - waiting for thirdparty lock release [integrity check]
2021-05-04 14:29:15,603 [INFO] IntegrityCheckThread:61 - entering critical section [integrity check]
2021-05-04 14:29:15,673 [WARN] ConditionMgr:437 - getConditionDescription Invalid condition id : SIGFOX STM32 LIB Condition cause : null
2021-05-04 14:29:15,673 [WARN] ConditionMgr:437 - getConditionDescription Invalid condition id : Sigfox Third Party LIB Condition cause : null
2021-05-04 14:29:15,675 [WARN] ConditionMgr:1040 - genDependencies : Invalid condition id : SIGFOX STM32 LIB Condition cause : null
2021-05-04 14:29:15,676 [WARN] ConditionMgr:1040 - genDependencies : Invalid condition id : Sigfox Third Party LIB Condition cause : null
2021-05-04 14:29:15,676 [WARN] ConditionMgr:1040 - genDependencies : Invalid condition id : Sigfox Third Party LIB Condition cause : null
2021-05-04 14:29:15,676 [WARN] ConditionMgr:1040 - genDependencies : Invalid condition id : SIGFOX STM32 LIB Condition cause : null
2021-05-04 14:29:15,677 [WARN] ConditionMgr:1040 - genDependencies : Invalid condition id : SIGFOX STM32 LIB Condition cause : null
2021-05-04 14:29:15,677 [WARN] ConditionMgr:1040 - genDependencies : Invalid condition id : Sigfox Third Party LIB Condition cause : null
2021-05-04 14:29:16,377 [INFO] ThirdParty:887 - Integrity check success = true
2021-05-04 14:29:16,378 [INFO] IntegrityCheckThread:75 - exiting critical section [integrity check]
2021-05-04 14:29:16,378 [INFO] IntegrityCheckThread:78 - End integrity checks thread
2021-05-04 14:29:18,041 [INFO] Rule:212 - rule GTZC_S instance for project manager is applicable
2021-05-04 14:29:18,041 [INFO] Rule:212 - rule GTZC_S instance for context M0+ is applicable
2021-05-04 14:29:18,041 [INFO] Rule:212 - rule GTZC_NS instance for context M4 is applicable
2021-05-04 14:29:18,041 [INFO] Rule:212 - rule GTZC_S instance value for IP GTZC is applicable
2021-05-04 14:29:18,041 [INFO] Rule:212 - rule GTZC_S instance for mcu is applicable
2021-05-04 14:29:18,041 [INFO] Rule:212 - rule GTZC_S instance for VP is applicable
2021-05-04 14:29:18,041 [INFO] Rule:212 - rule GTZC_S instance for signal is applicable
2021-05-04 14:29:18,042 [INFO] Rule:212 - rule OPAMP is applicable
2021-05-04 14:29:18,042 [INFO] Rule:212 - rule LPUART IPParameter rename Prescaler parameter to ClockPrescaler for STM32H7 is applicable
2021-05-04 14:29:18,042 [INFO] Rule:212 - rule LPUART IPParameter rename Prescaler parameter to ClockPrescaler for STM32H7 is applicable
2021-05-04 14:29:18,042 [INFO] Rule:212 - rule LPUART IPParameter rename Prescaler parameter to ClockPrescaler for STM32WB is applicable
2021-05-04 14:29:18,042 [INFO] Rule:212 - rule LPUART IPParameter rename Prescaler parameter to ClockPrescaler for STM32WB is applicable
2021-05-04 14:29:18,042 [INFO] Rule:212 - rule LPUART IPParameter rename Prescaler parameter to ClockPrescaler for STM32G4 is applicable
2021-05-04 14:29:18,042 [INFO] Rule:212 - rule LPUART IPParameter rename Prescaler parameter to ClockPrescaler for STM32G4 is applicable
2021-05-04 14:29:18,043 [INFO] Rule:212 - rule LPUART IPParameter rename Prescaler parameter to ClockPrescaler for STM32L5 is applicable
2021-05-04 14:29:18,043 [INFO] Rule:212 - rule LPUART IPParameter rename Prescaler parameter to ClockPrescaler for STM32G4 is applicable
2021-05-04 14:29:18,043 [INFO] Rule:212 - rule LPUART IPParameter rename Prescaler parameter to ClockPrescaler for STM32G4 is applicable
2021-05-04 14:29:18,043 [INFO] Rule:212 - rule USB device lib V2.5.3 for L0 rename USBD_SUPPORT_USER_STRING parameter to USBD_SUPPORT_USER_STRING_DESC4 is applicable
2021-05-04 14:29:18,043 [INFO] Rule:212 - rule I2SCLockSelection clock entry align is applicable
2021-05-04 14:29:18,043 [INFO] Rule:212 - rule Assign TIMx context if used as SYS timebase is applicable
2021-05-04 14:29:18,043 [INFO] DbConfProperties:294 - Apply Compatibility (0/20 Rules)
2021-05-04 14:29:18,131 [WARN] ApiManager:294 - Cannot register API 'Board Extension:S2868A1' from pack STMicroelectronics.X-CUBE-SFXS2LP1.3.0.0: no header file found
2021-05-04 14:29:18,132 [WARN] ApiManager:294 - Cannot register API 'Board Extension:S2868A2' from pack STMicroelectronics.X-CUBE-SFXS2LP1.3.0.0: no header file found
2021-05-04 14:29:18,132 [WARN] ApiManager:294 - Cannot register API 'Board Extension:S2915A1' from pack STMicroelectronics.X-CUBE-SFXS2LP1.3.0.0: no header file found
2021-05-04 14:29:18,138 [WARN] ApiManager:294 - Cannot register API 'Board Extension:S2868A1' from pack STMicroelectronics.X-CUBE-SUBG2.3.0.1: no header file found
2021-05-04 14:29:18,139 [WARN] ApiManager:294 - Cannot register API 'Board Extension:S2868A2' from pack STMicroelectronics.X-CUBE-SUBG2.3.0.1: no header file found
2021-05-04 14:29:18,139 [WARN] ApiManager:294 - Cannot register API 'Board Extension:S2915A1' from pack STMicroelectronics.X-CUBE-SUBG2.3.0.1: no header file found
2021-05-04 14:29:18,144 [WARN] ModelIntegratedComponent:51 - No mode defined for component null
2021-05-04 14:29:18,144 [WARN] ModelIntegratedComponent:51 - No mode defined for component null
2021-05-04 14:29:18,144 [WARN] ModelIntegratedComponent:51 - No mode defined for component null
2021-05-04 14:29:18,145 [WARN] ModelIntegratedComponent:51 - No mode defined for component null
2021-05-04 14:29:18,145 [WARN] ModelIntegratedComponent:51 - No mode defined for component null
2021-05-04 14:29:18,145 [WARN] ModelIntegratedComponent:51 - No mode defined for component null
2021-05-04 14:29:18,145 [WARN] ModelIntegratedComponent:51 - No mode defined for component null
2021-05-04 14:29:18,145 [WARN] ModelIntegratedComponent:51 - No mode defined for component null
2021-05-04 14:29:18,145 [WARN] ModelIntegratedComponent:51 - No mode defined for component null
2021-05-04 14:29:18,145 [WARN] ModelIntegratedComponent:51 - No mode defined for component null
2021-05-04 14:29:18,145 [WARN] ModelIntegratedComponent:51 - No mode defined for component null
2021-05-04 14:29:18,146 [WARN] ModelIntegratedComponent:51 - No mode defined for component null
2021-05-04 14:29:18,146 [WARN] ModelIntegratedComponent:51 - No mode defined for component null
2021-05-04 14:29:18,146 [WARN] ModelIntegratedComponent:51 - No mode defined for component null
2021-05-04 14:29:18,146 [WARN] ModelIntegratedComponent:51 - No mode defined for component null
2021-05-04 14:29:18,146 [WARN] ModelIntegratedComponent:51 - No mode defined for component null
2021-05-04 14:29:18,146 [WARN] ModelIntegratedComponent:51 - No mode defined for component null
2021-05-04 14:29:18,146 [WARN] ModelIntegratedComponent:51 - No mode defined for component null
2021-05-04 14:29:18,146 [WARN] ModelIntegratedComponent:51 - No mode defined for component null
2021-05-04 14:29:18,147 [WARN] ModelIntegratedComponent:51 - No mode defined for component null
2021-05-04 14:29:18,147 [WARN] ModelIntegratedComponent:51 - No mode defined for component null
2021-05-04 14:29:18,147 [WARN] ModelIntegratedComponent:51 - No mode defined for component null
2021-05-04 14:29:18,147 [WARN] ModelIntegratedComponent:51 - No mode defined for component null
2021-05-04 14:29:18,147 [WARN] ModelIntegratedComponent:51 - No mode defined for component null
2021-05-04 14:29:18,147 [WARN] ModelIntegratedComponent:51 - No mode defined for component null
2021-05-04 14:29:18,147 [WARN] ModelIntegratedComponent:51 - No mode defined for component null
2021-05-04 14:29:18,147 [WARN] ModelIntegratedComponent:51 - No mode defined for component null
2021-05-04 14:29:18,148 [WARN] ModelIntegratedComponent:51 - No mode defined for component null
2021-05-04 14:29:18,148 [WARN] ModelIntegratedComponent:51 - No mode defined for component null
2021-05-04 14:29:18,148 [WARN] ModelIntegratedComponent:51 - No mode defined for component null
2021-05-04 14:29:18,148 [WARN] ModelIntegratedComponent:51 - No mode defined for component null
2021-05-04 14:29:18,148 [WARN] ModelIntegratedComponent:51 - No mode defined for component null
2021-05-04 14:29:18,148 [WARN] ModelIntegratedComponent:51 - No mode defined for component null
2021-05-04 14:29:18,148 [WARN] ModelIntegratedComponent:51 - No mode defined for component null
2021-05-04 14:29:18,148 [WARN] ModelIntegratedComponent:51 - No mode defined for component null
2021-05-04 14:29:18,148 [WARN] ModelIntegratedComponent:51 - No mode defined for component null
2021-05-04 14:29:18,149 [WARN] ModelIntegratedComponent:51 - No mode defined for component null
2021-05-04 14:29:18,149 [WARN] ModelIntegratedComponent:51 - No mode defined for component null
2021-05-04 14:29:18,153 [WARN] ApiManager:294 - Cannot register API 'Board Extension:S2868A1' from pack STMicroelectronics.X-CUBE-SFXS2LP1.2.0.0: no header file found
2021-05-04 14:29:18,153 [WARN] ApiManager:294 - Cannot register API 'Board Extension:S2868A2' from pack STMicroelectronics.X-CUBE-SFXS2LP1.2.0.0: no header file found
2021-05-04 14:29:18,153 [WARN] ApiManager:294 - Cannot register API 'Board Extension:S2915A1' from pack STMicroelectronics.X-CUBE-SFXS2LP1.2.0.0: no header file found
2021-05-04 14:29:18,156 [WARN] ApiManager:294 - Cannot register API 'Board Extension:S2868A1' from pack STMicroelectronics.X-CUBE-SUBG2.4.0.0: no header file found
2021-05-04 14:29:18,156 [WARN] ApiManager:294 - Cannot register API 'Board Extension:S2868A2' from pack STMicroelectronics.X-CUBE-SUBG2.4.0.0: no header file found
2021-05-04 14:29:18,157 [WARN] ApiManager:294 - Cannot register API 'Board Extension:S2915A1' from pack STMicroelectronics.X-CUBE-SUBG2.4.0.0: no header file found
2021-05-04 14:29:18,200 [WARN] ApiManager:294 - Cannot register API 'Board Extension:IKS01A3' from pack STMicroelectronics.X-CUBE-MEMS1.8.2.0: no header file found
2021-05-04 14:29:18,201 [WARN] ApiManager:294 - Cannot register API 'Board Extension:IKS01A2' from pack STMicroelectronics.X-CUBE-MEMS1.8.2.0: no header file found
2021-05-04 14:29:18,201 [WARN] ApiManager:294 - Cannot register API 'Board Extension:IKS02A1' from pack STMicroelectronics.X-CUBE-MEMS1.8.2.0: no header file found
2021-05-04 14:29:18,207 [WARN] ApiManager:294 - Cannot register API 'Board Extension:EEPRMA1' from pack STMicroelectronics.X-CUBE-EEPRMA1.3.0.0: no header file found
2021-05-04 14:29:18,207 [WARN] ApiManager:294 - Cannot register API 'Board Extension:EEPRMA2' from pack STMicroelectronics.X-CUBE-EEPRMA1.3.0.0: no header file found
2021-05-04 14:29:18,244 [WARN] ApiManager:294 - Cannot register API 'Board Extension:IKS01A3' from pack STMicroelectronics.X-CUBE-MEMS1.8.3.0: no header file found
2021-05-04 14:29:18,244 [WARN] ApiManager:294 - Cannot register API 'Board Extension:IKS01A2' from pack STMicroelectronics.X-CUBE-MEMS1.8.3.0: no header file found
2021-05-04 14:29:18,244 [WARN] ApiManager:294 - Cannot register API 'Board Extension:IKS02A1' from pack STMicroelectronics.X-CUBE-MEMS1.8.3.0: no header file found
2021-05-04 14:29:18,263 [INFO] RtosManager:464 - Registered RTOS mode: class=CMSIS, group=RTOS, mode=CMSIS_V1, owner=FREERTOS
2021-05-04 14:29:18,264 [INFO] RtosManager:464 - Registered RTOS mode: class=CMSIS, group=RTOS2, mode=CMSIS_V2, owner=FREERTOS
2021-05-04 14:29:18,264 [INFO] RtosManager:464 - Registered RTOS mode: class=RTOS, group=Core, mode=CMSIS_V1, owner=FREERTOS
2021-05-04 14:29:18,264 [INFO] RtosManager:464 - Registered RTOS mode: class=RTOS, group=Core, mode=CMSIS_V2, owner=FREERTOS
2021-05-04 14:29:18,264 [WARN] ModelIntegratedComponent:182 - Missing modes for component STMicroelectronics:FreeRTOS:0.0.1:STMicroelectronics:RTOS:FreeRTOS:Core:::10.2.0:
2021-05-04 14:29:18,267 [WARN] ApiManager:294 - Cannot register API 'Board Extension:GNSS1A1' from pack STMicroelectronics.X-CUBE-GNSS1.5.1.0: no header file found
2021-05-04 14:29:18,267 [WARN] ApiManager:294 - Cannot register API 'Board Support:Custom' from pack STMicroelectronics.X-CUBE-GNSS1.5.1.0: no header file found
2021-05-04 14:29:18,267 [WARN] ApiManager:294 - Cannot register API 'Data Exchange:lib_gnss' from pack STMicroelectronics.X-CUBE-GNSS1.5.1.0: no header file found
2021-05-04 14:29:18,268 [WARN] ApiManager:294 - Cannot register API 'Board Extension:GNSS1A1' from pack STMicroelectronics.X-CUBE-GNSS1.5.2.0: no header file found
2021-05-04 14:29:18,268 [WARN] ApiManager:294 - Cannot register API 'Board Support:Custom' from pack STMicroelectronics.X-CUBE-GNSS1.5.2.0: no header file found
2021-05-04 14:29:18,268 [WARN] ApiManager:294 - Cannot register API 'Data Exchange:lib_gnss' from pack STMicroelectronics.X-CUBE-GNSS1.5.2.0: no header file found
2021-05-04 14:29:18,269 [WARN] ApiManager:294 - Cannot register API 'Wireless:BlueNRG-MS' from pack STMicroelectronics.X-CUBE-BLE1.6.1.0: no header file found
2021-05-04 14:29:18,271 [WARN] ApiManager:294 - Cannot register API 'Board Extension:NFC04A1' from pack STMicroelectronics.X-CUBE-NFC4.2.0.2: no header file found
2021-05-04 14:29:18,272 [WARN] ApiManager:294 - Cannot register API 'Board Extension:NFC04A1' from pack STMicroelectronics.X-CUBE-NFC4.2.0.1: no header file found
2021-05-04 14:29:18,275 [WARN] ApiManager:294 - Cannot register API 'Wireless:BlueNRG-2' from pack STMicroelectronics.X-CUBE-BLE2.3.1.0: no header file found
2021-05-04 14:29:18,276 [WARN] ApiManager:294 - Cannot register API 'Wireless:BlueNRG-2' from pack STMicroelectronics.X-CUBE-BLE2.3.2.0: no header file found
2021-05-04 14:29:18,567 [INFO] ImportTextPane:162 - (OptionalMessage_ERROR) IP (RCC) : Parameter (RTCHSEDivFreq_Value) has invalid value (4000000)
2021-05-04 14:29:18,789 [INFO] UtilMem:74 - End LoadConfig() Used Memory: 363735320 Bytes (691011584)
2021-05-04 14:29:18,792 [WARN] ThirdParty:749 - waiting for thirdparty lock release [change project]
2021-05-04 14:29:18,792 [INFO] ThirdParty:751 - entering critical section [change project]
2021-05-04 14:29:18,792 [INFO] ThirdParty:939 - CMSIS Pack Vendor :RoweBots I-CUBE-UNISONRTOS 5.5.0-4
2021-05-04 14:29:18,792 [INFO] ThirdParty:939 - CMSIS Pack Vendor :STMicroelectronics X-CUBE-SFXS2LP1 3.0.0
2021-05-04 14:29:18,793 [INFO] ThirdParty:939 - CMSIS Pack Vendor :STMicroelectronics USB_HOST 2.0.0
2021-05-04 14:29:18,793 [INFO] ThirdParty:939 - CMSIS Pack Vendor :STMicroelectronics X-CUBE-SUBG2 3.0.1
2021-05-04 14:29:18,793 [INFO] ThirdParty:939 - CMSIS Pack Vendor :STMicroelectronics USB_DEVICE 3.0.0
2021-05-04 14:29:18,793 [INFO] ThirdParty:939 - CMSIS Pack Vendor :STMicroelectronics HAL Drivers 0.0.0
2021-05-04 14:29:18,793 [INFO] ThirdParty:939 - CMSIS Pack Vendor :STMicroelectronics MBEDTLS 2.16.2
2021-05-04 14:29:18,793 [INFO] ThirdParty:939 - CMSIS Pack Vendor :STMicroelectronics X-CUBE-SFXS2LP1 2.0.0
2021-05-04 14:29:18,793 [INFO] ThirdParty:939 - CMSIS Pack Vendor :STMicroelectronics MBEDTLS 2.14.1
2021-05-04 14:29:18,793 [INFO] ThirdParty:939 - CMSIS Pack Vendor :STMicroelectronics X-CUBE-SUBG2 4.0.0
2021-05-04 14:29:18,794 [INFO] ThirdParty:939 - CMSIS Pack Vendor :STMicroelectronics X-CUBE-TOF1 1.0.0
2021-05-04 14:29:18,794 [INFO] ThirdParty:939 - CMSIS Pack Vendor :STMicroelectronics X-CUBE-AZRTOS-H7 1.0.0
2021-05-04 14:29:18,794 [INFO] ThirdParty:939 - CMSIS Pack Vendor :STMicroelectronics USB_DEVICE 2.0.0
2021-05-04 14:29:18,794 [INFO] ThirdParty:939 - CMSIS Pack Vendor :STMicroelectronics X-CUBE-MEMS1 8.2.0
2021-05-04 14:29:18,794 [INFO] ThirdParty:939 - CMSIS Pack Vendor :STMicroelectronics X-CUBE-EEPRMA1 3.0.0
2021-05-04 14:29:18,794 [INFO] ThirdParty:939 - CMSIS Pack Vendor :STMicroelectronics X-CUBE-MEMS1 8.3.0
2021-05-04 14:29:18,794 [INFO] ThirdParty:939 - CMSIS Pack Vendor :STMicroelectronics X-CUBE-DISPLAY 1.0.0
2021-05-04 14:29:18,794 [INFO] ThirdParty:939 - CMSIS Pack Vendor :STMicroelectronics FreeRTOS 0.0.1
2021-05-04 14:29:18,794 [INFO] ThirdParty:939 - CMSIS Pack Vendor :STMicroelectronics USB_DEVICE 1.0.0
2021-05-04 14:29:18,795 [INFO] ThirdParty:939 - CMSIS Pack Vendor :STMicroelectronics X-CUBE-AI 6.0.0
2021-05-04 14:29:18,795 [INFO] ThirdParty:939 - CMSIS Pack Vendor :STMicroelectronics X-CUBE-ALGOBUILD 1.1.0
2021-05-04 14:29:18,795 [INFO] ThirdParty:939 - CMSIS Pack Vendor :STMicroelectronics X-CUBE-ALGOBUILD 1.2.0
2021-05-04 14:29:18,795 [INFO] ThirdParty:939 - CMSIS Pack Vendor :STMicroelectronics X-CUBE-GNSS1 5.1.0
2021-05-04 14:29:18,795 [INFO] ThirdParty:939 - CMSIS Pack Vendor :STMicroelectronics X-CUBE-GNSS1 5.2.0
2021-05-04 14:29:18,795 [INFO] ThirdParty:939 - CMSIS Pack Vendor :STMicroelectronics X-CUBE-BLE1 6.1.0
2021-05-04 14:29:18,795 [INFO] ThirdParty:939 - CMSIS Pack Vendor :STMicroelectronics lwIP 2.0.3
2021-05-04 14:29:18,795 [INFO] ThirdParty:939 - CMSIS Pack Vendor :STMicroelectronics lwIP 2.1.2
2021-05-04 14:29:18,796 [INFO] ThirdParty:939 - CMSIS Pack Vendor :STMicroelectronics USB_HOST 1.0.0
2021-05-04 14:29:18,796 [INFO] ThirdParty:939 - CMSIS Pack Vendor :STMicroelectronics X-CUBE-NFC4 2.0.2
2021-05-04 14:29:18,796 [INFO] ThirdParty:939 - CMSIS Pack Vendor :STMicroelectronics X-CUBE-NFC4 2.0.1
2021-05-04 14:29:18,796 [INFO] ThirdParty:939 - CMSIS Pack Vendor :wolfSSL I-CUBE-wolfSSL 4.7.0
2021-05-04 14:29:18,796 [INFO] ThirdParty:939 - CMSIS Pack Vendor :STMicroelectronics X-CUBE-TOUCHGFX 4.16.1
2021-05-04 14:29:18,796 [INFO] ThirdParty:939 - CMSIS Pack Vendor :STMicroelectronics X-CUBE-AI 5.2.0
2021-05-04 14:29:18,796 [INFO] ThirdParty:939 - CMSIS Pack Vendor :STMicroelectronics PDM2PCM 3.1.0
2021-05-04 14:29:18,796 [INFO] ThirdParty:939 - CMSIS Pack Vendor :STMicroelectronics X-CUBE-TOUCHGFX 4.16.0
2021-05-04 14:29:18,796 [INFO] ThirdParty:939 - CMSIS Pack Vendor :STMicroelectronics PDM2PCM 3.2.0
2021-05-04 14:29:18,796 [INFO] ThirdParty:939 - CMSIS Pack Vendor :STMicroelectronics X-CUBE-BLE2 3.1.0
2021-05-04 14:29:18,796 [INFO] ThirdParty:939 - CMSIS Pack Vendor :STMicroelectronics PDM2PCM 3.3.0
2021-05-04 14:29:18,796 [INFO] ThirdParty:939 - CMSIS Pack Vendor :STMicroelectronics X-CUBE-BLE2 3.2.0
2021-05-04 14:29:18,797 [INFO] ThirdParty:757 - exiting critical section [change project]
2021-05-04 14:29:19,027 [INFO] PinOutPanel:1434 - setPackage(No Configuration,No Configuration)
2021-05-04 14:29:19,029 [INFO] PinOutPanel:1434 - setPackage(STM32F401RETx,LQFP64)
2021-05-04 14:29:19,426 [INFO] UtilMem:74 - Before build in PCC Used Memory: 376900472 Bytes (691011584)
2021-05-04 14:29:19,926 [INFO] SharedServices:72 - Folder for power plug-in: C:/Users/PAQUI/.stm32cubemx/plugins/power
2021-05-04 14:29:19,988 [INFO] SharedServices:72 - Folder for power plug-in: C:/Users/PAQUI/.stm32cubemx/plugins/power
2021-05-04 14:29:20,063 [INFO] SharedServices:72 - Folder for power plug-in: C:/Users/PAQUI/.stm32cubemx/plugins/power
2021-05-04 14:29:20,069 [INFO] SharedServices:72 - Folder for power plug-in: C:/Users/PAQUI/.stm32cubemx/plugins/power
2021-05-04 14:29:20,294 [INFO] UtilMem:74 - After build in PCC Used Memory: 433001328 Bytes (691011584)
2021-05-04 14:29:20,326 [INFO] IPUIPlugin:64 - create IPUIPlugin
2021-05-04 14:29:20,327 [INFO] IPUIPlugin:64 - create IPUIPlugin
2021-05-04 14:29:20,327 [INFO] IPUIPlugin:64 - create IPUIPlugin
2021-05-04 14:29:20,327 [INFO] IPUIPlugin:64 - create IPUIPlugin
2021-05-04 14:29:20,328 [INFO] IPUIPlugin:64 - create IPUIPlugin
2021-05-04 14:29:20,328 [INFO] IPUIPlugin:64 - create IPUIPlugin
2021-05-04 14:29:20,328 [INFO] IPUIPlugin:64 - create IPUIPlugin
2021-05-04 14:29:20,328 [INFO] IPUIPlugin:64 - create IPUIPlugin
2021-05-04 14:29:20,328 [INFO] IPUIPlugin:64 - create IPUIPlugin
2021-05-04 14:29:20,329 [INFO] IPUIPlugin:64 - create IPUIPlugin
2021-05-04 14:29:20,329 [INFO] IPUIPlugin:64 - create IPUIPlugin
2021-05-04 14:29:20,329 [INFO] IPUIPlugin:64 - create IPUIPlugin
2021-05-04 14:29:20,330 [INFO] IPUIPlugin:64 - create IPUIPlugin
2021-05-04 14:29:20,330 [INFO] IPUIPlugin:64 - create IPUIPlugin
2021-05-04 14:29:20,331 [INFO] IPUIPlugin:64 - create IPUIPlugin
2021-05-04 14:29:20,331 [INFO] IPUIPlugin:64 - create IPUIPlugin
2021-05-04 14:29:20,331 [INFO] IPUIPlugin:64 - create IPUIPlugin
2021-05-04 14:29:20,332 [INFO] IPUIPlugin:64 - create IPUIPlugin
2021-05-04 14:29:20,332 [INFO] IPUIPlugin:64 - create IPUIPlugin
2021-05-04 14:29:20,333 [INFO] IPUIPlugin:64 - create IPUIPlugin
2021-05-04 14:29:20,333 [INFO] IPUIPlugin:64 - create IPUIPlugin
2021-05-04 14:29:20,333 [INFO] IPUIPlugin:64 - create IPUIPlugin
2021-05-04 14:29:20,334 [INFO] IPUIPlugin:64 - create IPUIPlugin
2021-05-04 14:29:20,334 [INFO] IPUIPlugin:64 - create IPUIPlugin
2021-05-04 14:29:20,334 [INFO] IPUIPlugin:64 - create IPUIPlugin
2021-05-04 14:29:20,334 [INFO] IPUIPlugin:64 - create IPUIPlugin
2021-05-04 14:29:20,335 [INFO] IPUIPlugin:64 - create IPUIPlugin
2021-05-04 14:29:20,335 [INFO] IPUIPlugin:64 - create IPUIPlugin
2021-05-04 14:29:20,335 [INFO] IPUIPlugin:64 - create IPUIPlugin
2021-05-04 14:29:20,336 [INFO] IPUIPlugin:64 - create IPUIPlugin
2021-05-04 14:29:20,336 [INFO] IPUIPlugin:64 - create IPUIPlugin
2021-05-04 14:29:20,336 [INFO] IPUIPlugin:64 - create IPUIPlugin
2021-05-04 14:29:20,337 [INFO] IPUIPlugin:64 - create IPUIPlugin
2021-05-04 14:29:20,337 [INFO] IPUIPlugin:64 - create IPUIPlugin
2021-05-04 14:29:20,337 [INFO] IPUIPlugin:64 - create IPUIPlugin
2021-05-04 14:29:20,338 [INFO] IPUIPlugin:64 - create IPUIPlugin
2021-05-04 14:29:20,338 [INFO] IPUIPlugin:64 - create IPUIPlugin
2021-05-04 14:29:20,339 [INFO] IPUIPlugin:64 - create IPUIPlugin
2021-05-04 14:29:20,403 [INFO] ApiDbMcu:456 - Load IP Config File for PDM2PCM
2021-05-04 14:29:20,447 [INFO] LogOutputStream:76 - [STDOUT_REDIRECT] toolchainItems.length=====1
2021-05-04 14:29:20,585 [INFO] OpenFileManager:294 - Restore cursor
2021-05-04 14:29:20,921 [INFO] UtilMem:74 - End SaveConfig() Used Memory: 511118200 Bytes (691011584)
2021-05-04 14:29:21,053 [INFO] UtilMem:74 - End SaveConfig() Used Memory: 517935984 Bytes (691011584)
2021-05-04 14:29:21,524 [INFO] BlockDiagram:2735 - set Specific Code input for plugin: NVIC
2021-05-04 14:29:21,524 [INFO] BlockDiagram:2735 - set Specific Code input for plugin: USART
2021-05-04 14:29:21,525 [INFO] BlockDiagram:2735 - set Specific Code input for plugin: SYS
2021-05-04 14:29:21,525 [INFO] BlockDiagram:2735 - set Specific Code input for plugin: GPIO
2021-05-04 14:29:21,525 [INFO] BlockDiagram:2735 - set Specific Code input for plugin: ADC
2021-05-04 14:29:21,525 [INFO] BlockDiagram:2735 - set Specific Code input for plugin: RCC
2021-05-04 14:29:21,527 [INFO] CodeGenerator:639 - code generatio: config db path: D:\Programas  uni\STM32CubeIDE_1.5.0\STM32CubeIDE\plugins\com.st.stm32cube.common.mx_6.1.0.202011121557\\db\
2021-05-04 14:29:22,200 [INFO] CodeEngine:229 - oldGeneratedFile, C:\Users\PAQUI\Desktop\Universidad\4\MASB\masb-pot-s-nopucmes\masb-pot-s-firmware\MXTmpFiles\license.tmp_save
2021-05-04 14:29:22,673 [INFO] CodeEngine:247 - Generated code: C:\Users\PAQUI\Desktop\Universidad\4\MASB\masb-pot-s-nopucmes\masb-pot-s-firmware\MXTmpFiles\license.tmp
2021-05-04 14:29:22,743 [INFO] CodeEngine:229 - oldGeneratedFile, C:\Users\PAQUI\Desktop\Universidad\4\MASB\masb-pot-s-nopucmes\masb-pot-s-firmware\MXTmpFiles\gpio.tmp_save
2021-05-04 14:29:22,839 [INFO] CodeEngine:247 - Generated code: C:\Users\PAQUI\Desktop\Universidad\4\MASB\masb-pot-s-nopucmes\masb-pot-s-firmware\MXTmpFiles\gpio.tmp
2021-05-04 14:29:22,926 [INFO] LogOutputStream:76 - [STDOUT_REDIRECT] Command line
2021-05-04 14:29:22,927 [INFO] LogOutputStream:76 - [STDOUT_REDIRECT] Command line
2021-05-04 14:29:22,953 [INFO] CodeEngine:229 - oldGeneratedFile, C:\Users\PAQUI\Desktop\Universidad\4\MASB\masb-pot-s-nopucmes\masb-pot-s-firmware\Core\Src\stm32f4xx_it.c_save
2021-05-04 14:29:23,079 [INFO] CodeEngine:247 - Generated code: C:\Users\PAQUI\Desktop\Universidad\4\MASB\masb-pot-s-nopucmes\masb-pot-s-firmware\Core\Src\stm32f4xx_it.c
2021-05-04 14:29:23,087 [INFO] CodeEngine:229 - oldGeneratedFile, C:\Users\PAQUI\Desktop\Universidad\4\MASB\masb-pot-s-nopucmes\masb-pot-s-firmware\Core\Inc\stm32f4xx_it.h_save
2021-05-04 14:29:23,159 [INFO] CodeEngine:247 - Generated code: C:\Users\PAQUI\Desktop\Universidad\4\MASB\masb-pot-s-nopucmes\masb-pot-s-firmware\Core\Inc\stm32f4xx_it.h
2021-05-04 14:29:23,206 [INFO] CodeEngine:229 - oldGeneratedFile, C:\Users\PAQUI\Desktop\Universidad\4\MASB\masb-pot-s-nopucmes\masb-pot-s-firmware\Core\Src\stm32f4xx_hal_msp.c_save
2021-05-04 14:29:23,368 [INFO] CodeEngine:247 - Generated code: C:\Users\PAQUI\Desktop\Universidad\4\MASB\masb-pot-s-nopucmes\masb-pot-s-firmware\Core\Src\stm32f4xx_hal_msp.c
2021-05-04 14:29:23,379 [INFO] CodeEngine:229 - oldGeneratedFile, C:\Users\PAQUI\Desktop\Universidad\4\MASB\masb-pot-s-nopucmes\masb-pot-s-firmware\MXTmpFiles\system.tmp_save
2021-05-04 14:29:23,443 [INFO] CodeEngine:247 - Generated code: C:\Users\PAQUI\Desktop\Universidad\4\MASB\masb-pot-s-nopucmes\masb-pot-s-firmware\MXTmpFiles\system.tmp
2021-05-04 14:29:23,480 [INFO] CodeEngine:229 - oldGeneratedFile, C:\Users\PAQUI\Desktop\Universidad\4\MASB\masb-pot-s-nopucmes\masb-pot-s-firmware\Core\Inc\stm32f4xx_hal_conf.h_save
2021-05-04 14:29:23,606 [INFO] CodeEngine:247 - Generated code: C:\Users\PAQUI\Desktop\Universidad\4\MASB\masb-pot-s-nopucmes\masb-pot-s-firmware\Core\Inc\stm32f4xx_hal_conf.h
2021-05-04 14:29:23,680 [INFO] CodeEngine:229 - oldGeneratedFile, C:\Users\PAQUI\Desktop\Universidad\4\MASB\masb-pot-s-nopucmes\masb-pot-s-firmware\Core\Inc\main.h_save
2021-05-04 14:29:23,784 [INFO] CodeEngine:247 - Generated code: C:\Users\PAQUI\Desktop\Universidad\4\MASB\masb-pot-s-nopucmes\masb-pot-s-firmware\Core\Inc\main.h
2021-05-04 14:29:23,792 [INFO] CodeEngine:229 - oldGeneratedFile, C:\Users\PAQUI\Desktop\Universidad\4\MASB\masb-pot-s-nopucmes\masb-pot-s-firmware\Core\Src\main.c_save
2021-05-04 14:29:23,990 [INFO] CodeEngine:247 - Generated code: C:\Users\PAQUI\Desktop\Universidad\4\MASB\masb-pot-s-nopucmes\masb-pot-s-firmware\Core\Src\main.c
2021-05-04 14:29:24,856 [INFO] ProjectBuilder:2328 - Time for Copy HAL[1] : 113mS.
2021-05-04 14:29:24,876 [INFO] ProjectBuilder:3259 - Project Generator version: 3.11.0-B13
2021-05-04 14:29:25,339 [INFO] ConfigFileManager:1238 - The Die is : DIE433
2021-05-04 14:29:25,350 [INFO] ApiDbMcu:456 - Load IP Config File for FATFS
2021-05-04 14:29:25,355 [INFO] ApiDbMcu:456 - Load IP Config File for FREERTOS
2021-05-04 14:29:25,357 [INFO] ApiDbMcu:456 - Load IP Config File for LIBJPEG
2021-05-04 14:29:25,362 [INFO] ApiDbMcu:456 - Load IP Config File for MBEDTLS
2021-05-04 14:29:25,372 [INFO] ApiDbMcu:456 - Load IP Config File for USB_DEVICE
2021-05-04 14:29:25,377 [INFO] ApiDbMcu:456 - Load IP Config File for USB_HOST
2021-05-04 14:29:28,811 [INFO] ProjectBuilder:3425 - Time for Generating toolchain IDE Files: 3935mS.
2021-05-04 14:29:28,813 [INFO] ProjectBuilder:2207 - Time for Copy CMSIS : 1mS.
2021-05-04 14:29:28,818 [INFO] ProjectBuilder:2207 - Time for Copy CMSIS : 0mS.
2021-05-04 14:29:29,395 [INFO] ApiDb:263 - Save user favorites file C:\Users\PAQUI/.stm32cubeide/favorites.mcus.txt: 0 item(s)
2021-05-04 14:29:29,395 [INFO] ApiDb:267 - User favorites MCUs=[]
2021-05-04 14:30:17,493 [INFO] MainUpdater:2644 - connection check result : 10
2021-05-04 14:30:18,189 [INFO] ServerAccessManage:348 - Download File mcusDocs.json._tmp_
2021-05-04 14:30:18,225 [INFO] LoadUrlFilesThread:135 - End of LoadUrlFiles Thread
2021-05-04 14:30:20,597 [INFO] ServerAccessManage:348 - Download File mcusFeaturesAndDescription.json._tmp_
2021-05-04 14:30:20,898 [INFO] LoadUrlFilesThread:135 - End of LoadUrlFiles Thread
2021-05-04 14:30:21,032 [INFO] ServerAccessManage:348 - Download File boardsDocs.json._tmp_
2021-05-04 14:30:21,058 [INFO] LoadUrlFilesThread:135 - End of LoadUrlFiles Thread
2021-05-04 14:30:21,186 [INFO] ServerAccessManage:348 - Download File boards.json._tmp_
2021-05-04 14:30:21,217 [INFO] LoadUrlFilesThread:135 - End of LoadUrlFiles Thread
2021-05-04 14:30:21,284 [INFO] ServerAccessManage:348 - Download File cube-finder-db.zip
2021-05-04 14:30:23,333 [INFO] FileExtend:225 - Unzip File : cube-finder-db.zip
2021-05-04 14:30:23,334 [INFO] FileExtend:240 - Standard Zip Deflate
2021-05-04 14:30:23,686 [INFO] LoadUrlFilesThread:135 - End of LoadUrlFiles Thread
2021-05-04 14:30:24,276 [INFO] ServerAccessManage:348 - Download File crdb.zip
2021-05-04 14:30:24,546 [INFO] FileExtend:225 - Unzip File : crdb.zip
2021-05-04 14:30:24,546 [INFO] FileExtend:240 - Standard Zip Deflate
2021-05-04 14:30:24,572 [INFO] LoadUrlFilesThread:135 - End of LoadUrlFiles Thread
2021-05-04 14:30:24,612 [INFO] ServerAccessManage:348 - Download File tutoVideoDB.zip
2021-05-04 14:30:24,631 [INFO] FileExtend:225 - Unzip File : tutoVideoDB.zip
2021-05-04 14:30:24,632 [INFO] FileExtend:240 - Standard Zip Deflate
2021-05-04 14:30:24,655 [INFO] LoadUrlFilesThread:135 - End of LoadUrlFiles Thread
2021-05-04 14:30:24,684 [INFO] DbMcusDocs:145 - JSON generation date=Mon Feb 08 14:35:07 CET 2021 (1612791307)
2021-05-04 14:30:24,801 [INFO] DbMcusDocs:81 - Found 617 MCUs documents
2021-05-04 14:30:24,804 [INFO] ApiDb:263 - Save user favorites file C:\Users\PAQUI/.stm32cubeide/favorites.mcus.txt: 0 item(s)
2021-05-04 14:30:24,804 [INFO] ApiDb:267 - User favorites MCUs=[]
2021-05-04 14:30:24,804 [INFO] DbMcusXml:97 - Load MCU database from D:\Programas  uni\STM32CubeIDE_1.5.0\STM32CubeIDE\plugins\com.st.stm32cube.common.mx_6.1.0.202011121557\\db\/mcu/families.xml
2021-05-04 14:30:25,247 [INFO] DbMcusJson:92 - JSON generation date=Mon Feb 08 14:35:07 CET 2021 (1612791307)
2021-05-04 14:30:25,691 [INFO] DbMcus:176 - Found 1835 MCUs (1796 are supported by CubeMX, 1804 are visible in CubeMX)
2021-05-04 14:30:25,691 [INFO] ApiDb:238 - Load user favorites file C:\Users\PAQUI/.stm32cubeide/favorites.mcus.txt: 0 item(s)
2021-05-04 14:30:25,692 [INFO] ApiDb:242 - User favorites MCUs=[]
2021-05-04 14:30:25,692 [INFO] DbMcus:188 - Set 0 / 0 favorites MCUs
2021-05-04 14:30:25,699 [INFO] DbBoardsDocs:145 - JSON generation date=Mon Feb 08 14:35:07 CET 2021 (1612791307)
2021-05-04 14:30:25,708 [INFO] DbBoardsDocs:81 - Found 193 boards documents
2021-05-04 14:30:25,711 [INFO] ApiDb:263 - Save user favorites file C:\Users\PAQUI/.stm32cubeide/favorites.boards.txt: 0 item(s)
2021-05-04 14:30:25,712 [INFO] ApiDb:267 - User favorites Boards=[]
2021-05-04 14:30:25,714 [INFO] DbBoardsPdsc:91 - Found 24 items
2021-05-04 14:30:25,715 [INFO] DbBoardsPdsc:91 - Found 9 items
2021-05-04 14:30:25,718 [INFO] DbBoardsPdsc:91 - Found 32 items
2021-05-04 14:30:25,719 [INFO] DbBoardsPdsc:91 - Found 1 items
2021-05-04 14:30:25,723 [INFO] DbBoardsPdsc:91 - Found 45 items
2021-05-04 14:30:25,728 [INFO] DbBoardsPdsc:91 - Found 41 items
2021-05-04 14:30:25,729 [INFO] DbBoardsPdsc:91 - Found 2 items
2021-05-04 14:30:25,730 [INFO] DbBoardsPdsc:91 - Found 4 items
2021-05-04 14:30:25,732 [WARN] DbBoardsPdsc:255 - Board STM32H7B3I-DK: unknown feature type=Audio, name=, username=Audio stereo codec with Headphone Amp (CS42L51-CNZ), n=1
2021-05-04 14:30:25,732 [WARN] DbBoardsPdsc:255 - Board STM32H735G-DK: unknown feature type=Audio, name=, username=Audio stereo codec with Headphone Amp (WM8994ECS/R), n=1
2021-05-04 14:30:25,733 [WARN] DbBoardsPdsc:255 - Board STM32H7B3I-EVAL: unknown feature type=Audio, name=, username=Multi-Channel Audio Codec (CS42L51-CNZ), n=1
2021-05-04 14:30:25,733 [WARN] DbBoardsPdsc:255 - Board STM32H7B3I-EVAL: unknown feature type=Meter, name=, username=Power-metering and Temperature-monitoring with sigma-delta modulators, n=1
2021-05-04 14:30:25,733 [WARN] DbBoardsPdsc:255 - Board STM32H7B3I-EVAL: unknown feature type=Motor, name=, username=Motor Control, n=1
2021-05-04 14:30:25,742 [INFO] DbBoardsJson:85 - JSON generation date=Thu Feb 04 17:53:45 CET 2021 (1612457625)
2021-05-04 14:30:25,750 [INFO] DbBoards:118 - Found 160 boards (155 are supported by CubeMX)
2021-05-04 14:30:25,750 [WARN] DbBoards:128 - board B-L462E-CELL1 has no document id list !
2021-05-04 14:30:25,750 [WARN] DbBoards:128 - board B-L475E-IOT01A2 has no document id list !
2021-05-04 14:30:25,751 [WARN] DbBoards:128 - board NUCLEO-G0B1RE has no document id list !
2021-05-04 14:30:25,751 [WARN] DbBoards:128 - board NUCLEO-H743ZI2 has no document id list !
2021-05-04 14:30:25,752 [WARN] DbBoards:128 - board NUCLEO-L4A6ZG has no document id list !
2021-05-04 14:30:25,752 [WARN] DbBoards:128 - board NUCLEO-WB55RG has no document id list !
2021-05-04 14:30:25,752 [WARN] DbBoards:128 - board NUCLEO-WL55JC1 has no document id list !
2021-05-04 14:30:25,752 [WARN] DbBoards:128 - board NUCLEO-WL55JC2 has no document id list !
2021-05-04 14:30:25,752 [WARN] DbBoards:128 - board P-NUCLEO-WB55-Nucleo has no document id list !
2021-05-04 14:30:25,752 [WARN] DbBoards:128 - board P-NUCLEO-WB55-USBDongle has no document id list !
2021-05-04 14:30:25,752 [WARN] DbBoards:128 - board STEVAL-BFA001V1B has no document id list !
2021-05-04 14:30:25,752 [WARN] DbBoards:128 - board STEVAL-BFA001V2B has no document id list !
2021-05-04 14:30:25,752 [WARN] DbBoards:128 - board STEVAL-IDP005V1 has no document id list !
2021-05-04 14:30:25,752 [WARN] DbBoards:128 - board STEVAL-IDP005V2 has no document id list !
2021-05-04 14:30:25,752 [WARN] DbBoards:128 - board STEVAL-MKSBOX1V1 has no document id list !
2021-05-04 14:30:25,752 [WARN] DbBoards:128 - board STEVAL-STWINKT1 has no document id list !
2021-05-04 14:30:25,753 [WARN] DbBoards:128 - board STEVAL-STWINKT1B has no document id list !
2021-05-04 14:30:25,753 [WARN] DbBoards:128 - board STM32F401C-DISCO has no document id list !
2021-05-04 14:30:25,753 [WARN] DbBoards:128 - board STM32F769I-DISC1 has no document id list !
2021-05-04 14:30:25,754 [WARN] DbBoards:128 - board STM32G0C1E-EV has no document id list !
2021-05-04 14:30:25,754 [WARN] DbBoards:128 - board STM32G474E-EVAL1 has no document id list !
2021-05-04 14:30:25,754 [WARN] DbBoards:128 - board STM32H743I-EVAL2 has no document id list !
2021-05-04 14:30:25,754 [WARN] DbBoards:128 - board STM32H747I-DISC1 has no document id list !
2021-05-04 14:30:25,754 [WARN] DbBoards:128 - board STM32H753I-EVAL2 has no document id list !
2021-05-04 14:30:25,754 [WARN] DbBoards:128 - board STM32L-DISCOVERY has no document id list !
2021-05-04 14:30:25,755 [WARN] DbBoards:128 - board STM32MP157A-DK1 has no document id list !
2021-05-04 14:30:25,755 [WARN] DbBoards:128 - board STM32MP157F-DK2 has no document id list !
2021-05-04 14:30:25,755 [WARN] DbBoards:128 - board STM32MP157F-EV1 has no document id list !
2021-05-04 14:30:26,015 [ERROR] DbBoards:190 - Image file not found for board NUCLEO-WL55JC: D:\Programas  uni\STM32CubeIDE_1.5.0\STM32CubeIDE\plugins\com.st.stm32cube.common.mx_6.1.0.202011121557\\db\/plugins/mcufinder/images/boards/nucleo-wl55jc-small.jpg
2021-05-04 14:30:26,124 [ERROR] DbBoards:190 - Image file not found for board STEVAL-STWINKT1B: D:\Programas  uni\STM32CubeIDE_1.5.0\STM32CubeIDE\plugins\com.st.stm32cube.common.mx_6.1.0.202011121557\\db\/plugins/mcufinder/images/boards/steval-stwinkt1b_small.jpg
2021-05-04 14:30:26,385 [ERROR] DbBoards:190 - Image file not found for board STM32H7B3I-EVAL: D:\Programas  uni\STM32CubeIDE_1.5.0\STM32CubeIDE\plugins\com.st.stm32cube.common.mx_6.1.0.202011121557\\db\/plugins/mcufinder/images/boards/stm32h7b3ieval_small.jpg
2021-05-04 14:30:26,511 [INFO] ApiDb:238 - Load user favorites file C:\Users\PAQUI/.stm32cubeide/favorites.boards.txt: 0 item(s)
2021-05-04 14:30:26,512 [INFO] ApiDb:242 - User favorites Boards=[]
2021-05-04 14:30:26,512 [INFO] DbBoards:207 - Set 0 / 0 favorites Boards
2021-05-04 14:30:26,763 [INFO] ApiDb:466 - Connected to CubeFinder SQLite database (C:\Users\PAQUI\.stmcufinder\plugins\mcufinder\mcu\cube-finder-db.db)
2021-05-04 14:30:27,246 [INFO] DbExamplesSqlite:410 - Ignored 35 examples not supported by CubeIDE
2021-05-04 14:30:27,247 [INFO] DbExamplesSqlite:411 - Found 4965 examples active
2021-05-04 14:30:27,247 [INFO] DbExamplesSqlite:412 - Found 130 examples obsolete
2021-05-04 14:30:27,247 [INFO] DbExamplesSqlite:413 - Found 0 examples under development
2021-05-04 14:30:27,247 [INFO] DbExamplesSqlite:414 - Found 76 examples not building
2021-05-04 14:30:27,274 [INFO] DbExamplesSqlite:106 - CubeFinder database Data Model version=2.1
2021-05-04 14:30:27,274 [INFO] DbExamplesSqlite:107 - CubeFinder database Configuration version=2.16
2021-05-04 14:30:27,274 [INFO] DbExamplesSqlite:108 - CubeFinder database generation date=2021-02-26 (1614349247)
2021-05-04 14:30:27,274 [INFO] DbExamplesSqlite:109 - CubeFinder database FW Pack versions=[STM32Cube_FW_F4_V1.26.0, STM32Cube_FW_F7_V1.16.0, STM32Cube_FW_G0_V1.4.0, STM32Cube_FW_G4_V1.4.0, STM32Cube_FW_H7_V1.9.0, STM32Cube_FW_L5_V1.4.0, STM32Cube_FW_WB_V1.11.0, STM32Cube_FW_WL_V1.0.0, X-CUBE-AZRTOS-H7_V1.0.0, X-CUBE-BLE2_V3.2.0, X-CUBE-GNSS1_V5.2.0]
2021-05-04 14:30:27,275 [INFO] DbExamples:126 - Found 5006 examples
2021-05-04 14:30:27,654 [ERROR] DbExamples:202 - Found 382 examples with invalid data (board or MCU)
2021-05-04 14:30:27,655 [INFO] DbExamples:218 - Found 62 boards with related examples
2021-05-04 14:30:27,665 [INFO] DbExamples:231 - Found 50 MCUs with related examples
2021-05-04 14:30:27,680 [INFO] ApiDb:229 - User favorites file not found: C:\Users\PAQUI/.stm32cubeide/favorites.examples.txt
2021-05-04 14:30:27,680 [INFO] DbExamples:252 - Set 0 / 0 favorites Examples
2021-05-04 14:30:27,716 [INFO] CrossSelectorPresenter:1330 - Cross Selector saved comparison directory: C:\Users\PAQUI\.stmcufinder\plugins\mcufinder\mcu\cs_comparisons_mx
2021-05-04 14:30:27,717 [INFO] MultiScanPanel:198 - Auto-refresh data requested => check proxy status ongoing
2021-05-04 14:30:27,718 [INFO] FinderPluginLoader:87 - Searching for filters in installed packs
2021-05-04 14:30:27,934 [WARN] DetailPanel:347 - Failed to get advertising image, set to default
2021-05-04 14:30:28,102 [INFO] McuFilterPanel:245 - Update 0 favorites MCUs
2021-05-04 14:30:46,014 [INFO] MainUpdater:2644 - connection check result : 10
2021-05-04 14:30:46,014 [INFO] MainUpdater:2644 - connection check result : 10
2021-05-04 14:30:46,279 [INFO] MicroXplorer:385 - Change Database Path : 
2021-05-04 14:30:46,280 [INFO] MicroXplorer:415 - Change Database Version : DB.6.0.10
2021-05-04 14:30:46,280 [WARN] ThirdParty:783 - waiting for thirdparty lock release [close project]
2021-05-04 14:30:46,280 [INFO] ThirdParty:785 - entering critical section [close project]
2021-05-04 14:30:46,280 [INFO] ThirdParty:796 - exiting critical section [close project]
2021-05-04 14:30:46,281 [INFO] PinOutPanel:1434 - setPackage(No Configuration,No Configuration)
2021-05-04 14:30:46,301 [WARN] IpParametersView:138 - Warning: This peripheral hasn't parameters
2021-05-04 14:30:46,319 [WARN] MainPanel:236 - <html><b><center>Warning: This peripheral has no parameters to be configured<br></b></html>
2021-05-04 14:30:46,322 [INFO] UtilMem:74 - Begin LoadConfig() Used Memory: 434621024 Bytes (996147200)
2021-05-04 14:30:46,327 [INFO] MicroXplorer:385 - Change Database Path : C:/Users/PAQUI/.stm32cubemx/databases/DB.5.0.60/db/
2021-05-04 14:30:46,328 [INFO] MicroXplorer:415 - Change Database Version : DB.5.0.60
2021-05-04 14:30:46,329 [INFO] LogOutputStream:76 - [STDOUT_REDIRECT] *****Project Manager Settings
2021-05-04 14:30:48,897 [INFO] MicroXplorer:385 - Change Database Path : 
2021-05-04 14:30:48,897 [INFO] MicroXplorer:415 - Change Database Version : DB.6.0.10
2021-05-04 14:30:48,897 [INFO] OpenFileManager:274 - Change cursor
2021-05-04 14:30:48,898 [WARN] ThirdParty:204 - Use empty third party IP manager
2021-05-04 14:30:48,908 [INFO] RulesReader:52 - Compatibility file has been processed (228 Rules)
2021-05-04 14:30:49,992 [INFO] Rule:212 - rule GTZC_S instance for project manager is applicable
2021-05-04 14:30:49,993 [INFO] Rule:212 - rule GTZC_S instance for context M0+ is applicable
2021-05-04 14:30:49,993 [INFO] Rule:212 - rule GTZC_NS instance for context M4 is applicable
2021-05-04 14:30:49,993 [INFO] Rule:212 - rule GTZC_S instance value for IP GTZC is applicable
2021-05-04 14:30:49,993 [INFO] Rule:212 - rule GTZC_S instance for mcu is applicable
2021-05-04 14:30:49,993 [INFO] Rule:212 - rule GTZC_S instance for VP is applicable
2021-05-04 14:30:49,993 [INFO] Rule:212 - rule GTZC_S instance for signal is applicable
2021-05-04 14:30:49,994 [INFO] Rule:212 - rule OPAMP is applicable
2021-05-04 14:30:49,994 [INFO] Rule:212 - rule LPUART IPParameter rename Prescaler parameter to ClockPrescaler for STM32H7 is applicable
2021-05-04 14:30:49,995 [INFO] Rule:212 - rule LPUART IPParameter rename Prescaler parameter to ClockPrescaler for STM32H7 is applicable
2021-05-04 14:30:49,995 [INFO] Rule:212 - rule LPUART IPParameter rename Prescaler parameter to ClockPrescaler for STM32WB is applicable
2021-05-04 14:30:49,995 [INFO] Rule:212 - rule LPUART IPParameter rename Prescaler parameter to ClockPrescaler for STM32WB is applicable
2021-05-04 14:30:49,995 [INFO] Rule:212 - rule LPUART IPParameter rename Prescaler parameter to ClockPrescaler for STM32G4 is applicable
2021-05-04 14:30:49,995 [INFO] Rule:212 - rule LPUART IPParameter rename Prescaler parameter to ClockPrescaler for STM32G4 is applicable
2021-05-04 14:30:49,995 [INFO] Rule:212 - rule LPUART IPParameter rename Prescaler parameter to ClockPrescaler for STM32L5 is applicable
2021-05-04 14:30:49,995 [INFO] Rule:212 - rule LPUART IPParameter rename Prescaler parameter to ClockPrescaler for STM32G4 is applicable
2021-05-04 14:30:49,995 [INFO] Rule:212 - rule LPUART IPParameter rename Prescaler parameter to ClockPrescaler for STM32G4 is applicable
2021-05-04 14:30:49,996 [INFO] Rule:212 - rule USB device lib V2.5.3 for L0 rename USBD_SUPPORT_USER_STRING parameter to USBD_SUPPORT_USER_STRING_DESC4 is applicable
2021-05-04 14:30:49,996 [INFO] Rule:212 - rule I2SCLockSelection clock entry align is applicable
2021-05-04 14:30:49,996 [INFO] Rule:212 - rule Assign TIMx context if used as SYS timebase is applicable
2021-05-04 14:30:49,996 [INFO] DbConfProperties:294 - Apply Compatibility (0/20 Rules)
2021-05-04 14:30:50,052 [WARN] ApiManager:294 - Cannot register API 'Board Extension:S2868A1' from pack STMicroelectronics.X-CUBE-SFXS2LP1.3.0.0: no header file found
2021-05-04 14:30:50,052 [WARN] ApiManager:294 - Cannot register API 'Board Extension:S2868A2' from pack STMicroelectronics.X-CUBE-SFXS2LP1.3.0.0: no header file found
2021-05-04 14:30:50,053 [WARN] ApiManager:294 - Cannot register API 'Board Extension:S2915A1' from pack STMicroelectronics.X-CUBE-SFXS2LP1.3.0.0: no header file found
2021-05-04 14:30:50,055 [WARN] ApiManager:294 - Cannot register API 'Board Extension:S2868A1' from pack STMicroelectronics.X-CUBE-SUBG2.3.0.1: no header file found
2021-05-04 14:30:50,055 [WARN] ApiManager:294 - Cannot register API 'Board Extension:S2868A2' from pack STMicroelectronics.X-CUBE-SUBG2.3.0.1: no header file found
2021-05-04 14:30:50,056 [WARN] ApiManager:294 - Cannot register API 'Board Extension:S2915A1' from pack STMicroelectronics.X-CUBE-SUBG2.3.0.1: no header file found
2021-05-04 14:30:50,057 [WARN] ModelIntegratedComponent:51 - No mode defined for component null
2021-05-04 14:30:50,057 [WARN] ModelIntegratedComponent:51 - No mode defined for component null
2021-05-04 14:30:50,057 [WARN] ModelIntegratedComponent:51 - No mode defined for component null
2021-05-04 14:30:50,057 [WARN] ModelIntegratedComponent:51 - No mode defined for component null
2021-05-04 14:30:50,057 [WARN] ModelIntegratedComponent:51 - No mode defined for component null
2021-05-04 14:30:50,057 [WARN] ModelIntegratedComponent:51 - No mode defined for component null
2021-05-04 14:30:50,058 [WARN] ModelIntegratedComponent:51 - No mode defined for component null
2021-05-04 14:30:50,058 [WARN] ModelIntegratedComponent:51 - No mode defined for component null
2021-05-04 14:30:50,058 [WARN] ModelIntegratedComponent:51 - No mode defined for component null
2021-05-04 14:30:50,058 [WARN] ModelIntegratedComponent:51 - No mode defined for component null
2021-05-04 14:30:50,058 [WARN] ModelIntegratedComponent:51 - No mode defined for component null
2021-05-04 14:30:50,058 [WARN] ModelIntegratedComponent:51 - No mode defined for component null
2021-05-04 14:30:50,058 [WARN] ModelIntegratedComponent:51 - No mode defined for component null
2021-05-04 14:30:50,059 [WARN] ModelIntegratedComponent:51 - No mode defined for component null
2021-05-04 14:30:50,059 [WARN] ModelIntegratedComponent:51 - No mode defined for component null
2021-05-04 14:30:50,059 [WARN] ModelIntegratedComponent:51 - No mode defined for component null
2021-05-04 14:30:50,059 [WARN] ModelIntegratedComponent:51 - No mode defined for component null
2021-05-04 14:30:50,059 [WARN] ModelIntegratedComponent:51 - No mode defined for component null
2021-05-04 14:30:50,059 [WARN] ModelIntegratedComponent:51 - No mode defined for component null
2021-05-04 14:30:50,059 [WARN] ModelIntegratedComponent:51 - No mode defined for component null
2021-05-04 14:30:50,060 [WARN] ModelIntegratedComponent:51 - No mode defined for component null
2021-05-04 14:30:50,060 [WARN] ModelIntegratedComponent:51 - No mode defined for component null
2021-05-04 14:30:50,060 [WARN] ModelIntegratedComponent:51 - No mode defined for component null
2021-05-04 14:30:50,060 [WARN] ModelIntegratedComponent:51 - No mode defined for component null
2021-05-04 14:30:50,060 [WARN] ModelIntegratedComponent:51 - No mode defined for component null
2021-05-04 14:30:50,060 [WARN] ModelIntegratedComponent:51 - No mode defined for component null
2021-05-04 14:30:50,060 [WARN] ModelIntegratedComponent:51 - No mode defined for component null
2021-05-04 14:30:50,061 [WARN] ModelIntegratedComponent:51 - No mode defined for component null
2021-05-04 14:30:50,061 [WARN] ModelIntegratedComponent:51 - No mode defined for component null
2021-05-04 14:30:50,061 [WARN] ModelIntegratedComponent:51 - No mode defined for component null
2021-05-04 14:30:50,061 [WARN] ModelIntegratedComponent:51 - No mode defined for component null
2021-05-04 14:30:50,061 [WARN] ModelIntegratedComponent:51 - No mode defined for component null
2021-05-04 14:30:50,061 [WARN] ModelIntegratedComponent:51 - No mode defined for component null
2021-05-04 14:30:50,061 [WARN] ModelIntegratedComponent:51 - No mode defined for component null
2021-05-04 14:30:50,062 [WARN] ModelIntegratedComponent:51 - No mode defined for component null
2021-05-04 14:30:50,062 [WARN] ModelIntegratedComponent:51 - No mode defined for component null
2021-05-04 14:30:50,062 [WARN] ModelIntegratedComponent:51 - No mode defined for component null
2021-05-04 14:30:50,062 [WARN] ModelIntegratedComponent:51 - No mode defined for component null
2021-05-04 14:30:50,063 [WARN] ApiManager:294 - Cannot register API 'Board Extension:S2868A1' from pack STMicroelectronics.X-CUBE-SFXS2LP1.2.0.0: no header file found
2021-05-04 14:30:50,064 [WARN] ApiManager:294 - Cannot register API 'Board Extension:S2868A2' from pack STMicroelectronics.X-CUBE-SFXS2LP1.2.0.0: no header file found
2021-05-04 14:30:50,064 [WARN] ApiManager:294 - Cannot register API 'Board Extension:S2915A1' from pack STMicroelectronics.X-CUBE-SFXS2LP1.2.0.0: no header file found
2021-05-04 14:30:50,066 [WARN] ApiManager:294 - Cannot register API 'Board Extension:S2868A1' from pack STMicroelectronics.X-CUBE-SUBG2.4.0.0: no header file found
2021-05-04 14:30:50,066 [WARN] ApiManager:294 - Cannot register API 'Board Extension:S2868A2' from pack STMicroelectronics.X-CUBE-SUBG2.4.0.0: no header file found
2021-05-04 14:30:50,067 [WARN] ApiManager:294 - Cannot register API 'Board Extension:S2915A1' from pack STMicroelectronics.X-CUBE-SUBG2.4.0.0: no header file found
2021-05-04 14:30:50,108 [WARN] ApiManager:294 - Cannot register API 'Board Extension:IKS01A3' from pack STMicroelectronics.X-CUBE-MEMS1.8.2.0: no header file found
2021-05-04 14:30:50,108 [WARN] ApiManager:294 - Cannot register API 'Board Extension:IKS01A2' from pack STMicroelectronics.X-CUBE-MEMS1.8.2.0: no header file found
2021-05-04 14:30:50,108 [WARN] ApiManager:294 - Cannot register API 'Board Extension:IKS02A1' from pack STMicroelectronics.X-CUBE-MEMS1.8.2.0: no header file found
2021-05-04 14:30:50,112 [WARN] ApiManager:294 - Cannot register API 'Board Extension:EEPRMA1' from pack STMicroelectronics.X-CUBE-EEPRMA1.3.0.0: no header file found
2021-05-04 14:30:50,112 [WARN] ApiManager:294 - Cannot register API 'Board Extension:EEPRMA2' from pack STMicroelectronics.X-CUBE-EEPRMA1.3.0.0: no header file found
2021-05-04 14:30:50,161 [WARN] ApiManager:294 - Cannot register API 'Board Extension:IKS01A3' from pack STMicroelectronics.X-CUBE-MEMS1.8.3.0: no header file found
2021-05-04 14:30:50,161 [WARN] ApiManager:294 - Cannot register API 'Board Extension:IKS01A2' from pack STMicroelectronics.X-CUBE-MEMS1.8.3.0: no header file found
2021-05-04 14:30:50,161 [WARN] ApiManager:294 - Cannot register API 'Board Extension:IKS02A1' from pack STMicroelectronics.X-CUBE-MEMS1.8.3.0: no header file found
2021-05-04 14:30:50,165 [INFO] RtosManager:464 - Registered RTOS mode: class=CMSIS, group=RTOS, mode=CMSIS_V1, owner=FREERTOS
2021-05-04 14:30:50,166 [INFO] RtosManager:464 - Registered RTOS mode: class=CMSIS, group=RTOS2, mode=CMSIS_V2, owner=FREERTOS
2021-05-04 14:30:50,166 [INFO] RtosManager:464 - Registered RTOS mode: class=RTOS, group=Core, mode=CMSIS_V1, owner=FREERTOS
2021-05-04 14:30:50,166 [INFO] RtosManager:464 - Registered RTOS mode: class=RTOS, group=Core, mode=CMSIS_V2, owner=FREERTOS
2021-05-04 14:30:50,166 [WARN] ModelIntegratedComponent:182 - Missing modes for component STMicroelectronics:FreeRTOS:0.0.1:STMicroelectronics:RTOS:FreeRTOS:Core:::10.2.0:
2021-05-04 14:30:50,168 [WARN] ApiManager:294 - Cannot register API 'Board Extension:GNSS1A1' from pack STMicroelectronics.X-CUBE-GNSS1.5.1.0: no header file found
2021-05-04 14:30:50,168 [WARN] ApiManager:294 - Cannot register API 'Board Support:Custom' from pack STMicroelectronics.X-CUBE-GNSS1.5.1.0: no header file found
2021-05-04 14:30:50,168 [WARN] ApiManager:294 - Cannot register API 'Data Exchange:lib_gnss' from pack STMicroelectronics.X-CUBE-GNSS1.5.1.0: no header file found
2021-05-04 14:30:50,169 [WARN] ApiManager:294 - Cannot register API 'Board Extension:GNSS1A1' from pack STMicroelectronics.X-CUBE-GNSS1.5.2.0: no header file found
2021-05-04 14:30:50,169 [WARN] ApiManager:294 - Cannot register API 'Board Support:Custom' from pack STMicroelectronics.X-CUBE-GNSS1.5.2.0: no header file found
2021-05-04 14:30:50,169 [WARN] ApiManager:294 - Cannot register API 'Data Exchange:lib_gnss' from pack STMicroelectronics.X-CUBE-GNSS1.5.2.0: no header file found
2021-05-04 14:30:50,170 [WARN] ApiManager:294 - Cannot register API 'Wireless:BlueNRG-MS' from pack STMicroelectronics.X-CUBE-BLE1.6.1.0: no header file found
2021-05-04 14:30:50,171 [WARN] ApiManager:294 - Cannot register API 'Board Extension:NFC04A1' from pack STMicroelectronics.X-CUBE-NFC4.2.0.2: no header file found
2021-05-04 14:30:50,172 [WARN] ApiManager:294 - Cannot register API 'Board Extension:NFC04A1' from pack STMicroelectronics.X-CUBE-NFC4.2.0.1: no header file found
2021-05-04 14:30:50,173 [WARN] ApiManager:294 - Cannot register API 'Wireless:BlueNRG-2' from pack STMicroelectronics.X-CUBE-BLE2.3.1.0: no header file found
2021-05-04 14:30:50,174 [WARN] ApiManager:294 - Cannot register API 'Wireless:BlueNRG-2' from pack STMicroelectronics.X-CUBE-BLE2.3.2.0: no header file found
2021-05-04 14:30:50,552 [INFO] ImportTextPane:162 - (OptionalMessage_ERROR) IP (RCC) : Parameter (RTCHSEDivFreq_Value) has invalid value (4000000)
2021-05-04 14:30:50,728 [INFO] UtilMem:74 - End LoadConfig() Used Memory: 703766032 Bytes (996147200)
2021-05-04 14:30:50,728 [WARN] ThirdParty:749 - waiting for thirdparty lock release [change project]
2021-05-04 14:30:50,729 [INFO] ThirdParty:751 - entering critical section [change project]
2021-05-04 14:30:50,729 [INFO] ThirdParty:939 - CMSIS Pack Vendor :RoweBots I-CUBE-UNISONRTOS 5.5.0-4
2021-05-04 14:30:50,729 [INFO] ThirdParty:939 - CMSIS Pack Vendor :STMicroelectronics X-CUBE-SFXS2LP1 3.0.0
2021-05-04 14:30:50,729 [INFO] ThirdParty:939 - CMSIS Pack Vendor :STMicroelectronics USB_HOST 2.0.0
2021-05-04 14:30:50,729 [INFO] ThirdParty:939 - CMSIS Pack Vendor :STMicroelectronics X-CUBE-SUBG2 3.0.1
2021-05-04 14:30:50,729 [INFO] ThirdParty:939 - CMSIS Pack Vendor :STMicroelectronics USB_DEVICE 3.0.0
2021-05-04 14:30:50,729 [INFO] ThirdParty:939 - CMSIS Pack Vendor :STMicroelectronics HAL Drivers 0.0.0
2021-05-04 14:30:50,729 [INFO] ThirdParty:939 - CMSIS Pack Vendor :STMicroelectronics MBEDTLS 2.16.2
2021-05-04 14:30:50,729 [INFO] ThirdParty:939 - CMSIS Pack Vendor :STMicroelectronics X-CUBE-SFXS2LP1 2.0.0
2021-05-04 14:30:50,729 [INFO] ThirdParty:939 - CMSIS Pack Vendor :STMicroelectronics MBEDTLS 2.14.1
2021-05-04 14:30:50,729 [INFO] ThirdParty:939 - CMSIS Pack Vendor :STMicroelectronics X-CUBE-SUBG2 4.0.0
2021-05-04 14:30:50,729 [INFO] ThirdParty:939 - CMSIS Pack Vendor :STMicroelectronics X-CUBE-TOF1 1.0.0
2021-05-04 14:30:50,730 [INFO] ThirdParty:939 - CMSIS Pack Vendor :STMicroelectronics X-CUBE-AZRTOS-H7 1.0.0
2021-05-04 14:30:50,730 [INFO] ThirdParty:939 - CMSIS Pack Vendor :STMicroelectronics USB_DEVICE 2.0.0
2021-05-04 14:30:50,730 [INFO] ThirdParty:939 - CMSIS Pack Vendor :STMicroelectronics X-CUBE-MEMS1 8.2.0
2021-05-04 14:30:50,730 [INFO] ThirdParty:939 - CMSIS Pack Vendor :STMicroelectronics X-CUBE-EEPRMA1 3.0.0
2021-05-04 14:30:50,730 [INFO] ThirdParty:939 - CMSIS Pack Vendor :STMicroelectronics X-CUBE-MEMS1 8.3.0
2021-05-04 14:30:50,730 [INFO] ThirdParty:939 - CMSIS Pack Vendor :STMicroelectronics X-CUBE-DISPLAY 1.0.0
2021-05-04 14:30:50,730 [INFO] ThirdParty:939 - CMSIS Pack Vendor :STMicroelectronics FreeRTOS 0.0.1
2021-05-04 14:30:50,730 [INFO] ThirdParty:939 - CMSIS Pack Vendor :STMicroelectronics USB_DEVICE 1.0.0
2021-05-04 14:30:50,730 [INFO] ThirdParty:939 - CMSIS Pack Vendor :STMicroelectronics X-CUBE-AI 6.0.0
2021-05-04 14:30:50,730 [INFO] ThirdParty:939 - CMSIS Pack Vendor :STMicroelectronics X-CUBE-ALGOBUILD 1.1.0
2021-05-04 14:30:50,730 [INFO] ThirdParty:939 - CMSIS Pack Vendor :STMicroelectronics X-CUBE-ALGOBUILD 1.2.0
2021-05-04 14:30:50,730 [INFO] ThirdParty:939 - CMSIS Pack Vendor :STMicroelectronics X-CUBE-GNSS1 5.1.0
2021-05-04 14:30:50,730 [INFO] ThirdParty:939 - CMSIS Pack Vendor :STMicroelectronics X-CUBE-GNSS1 5.2.0
2021-05-04 14:30:50,730 [INFO] ThirdParty:939 - CMSIS Pack Vendor :STMicroelectronics X-CUBE-BLE1 6.1.0
2021-05-04 14:30:50,731 [INFO] ThirdParty:939 - CMSIS Pack Vendor :STMicroelectronics lwIP 2.0.3
2021-05-04 14:30:50,731 [INFO] ThirdParty:939 - CMSIS Pack Vendor :STMicroelectronics lwIP 2.1.2
2021-05-04 14:30:50,731 [INFO] ThirdParty:939 - CMSIS Pack Vendor :STMicroelectronics USB_HOST 1.0.0
2021-05-04 14:30:50,731 [INFO] ThirdParty:939 - CMSIS Pack Vendor :STMicroelectronics X-CUBE-NFC4 2.0.2
2021-05-04 14:30:50,731 [INFO] ThirdParty:939 - CMSIS Pack Vendor :STMicroelectronics X-CUBE-NFC4 2.0.1
2021-05-04 14:30:50,731 [INFO] ThirdParty:939 - CMSIS Pack Vendor :wolfSSL I-CUBE-wolfSSL 4.7.0
2021-05-04 14:30:50,731 [INFO] ThirdParty:939 - CMSIS Pack Vendor :STMicroelectronics X-CUBE-TOUCHGFX 4.16.1
2021-05-04 14:30:50,731 [INFO] ThirdParty:939 - CMSIS Pack Vendor :STMicroelectronics X-CUBE-AI 5.2.0
2021-05-04 14:30:50,731 [INFO] ThirdParty:939 - CMSIS Pack Vendor :STMicroelectronics PDM2PCM 3.1.0
2021-05-04 14:30:50,731 [INFO] ThirdParty:939 - CMSIS Pack Vendor :STMicroelectronics X-CUBE-TOUCHGFX 4.16.0
2021-05-04 14:30:50,731 [INFO] ThirdParty:939 - CMSIS Pack Vendor :STMicroelectronics PDM2PCM 3.2.0
2021-05-04 14:30:50,731 [INFO] ThirdParty:939 - CMSIS Pack Vendor :STMicroelectronics X-CUBE-BLE2 3.1.0
2021-05-04 14:30:50,731 [INFO] ThirdParty:939 - CMSIS Pack Vendor :STMicroelectronics PDM2PCM 3.3.0
2021-05-04 14:30:50,731 [INFO] ThirdParty:939 - CMSIS Pack Vendor :STMicroelectronics X-CUBE-BLE2 3.2.0
2021-05-04 14:30:50,732 [INFO] ThirdParty:757 - exiting critical section [change project]
2021-05-04 14:30:50,839 [INFO] PinOutPanel:1434 - setPackage(No Configuration,No Configuration)
2021-05-04 14:30:50,840 [INFO] PinOutPanel:1434 - setPackage(STM32F401RETx,LQFP64)
2021-05-04 14:30:51,034 [INFO] UtilMem:74 - Before build in PCC Used Memory: 767622240 Bytes (996147200)
2021-05-04 14:30:51,176 [INFO] SharedServices:72 - Folder for power plug-in: C:/Users/PAQUI/.stm32cubemx/plugins/power
2021-05-04 14:30:51,212 [INFO] SharedServices:72 - Folder for power plug-in: C:/Users/PAQUI/.stm32cubemx/plugins/power
2021-05-04 14:30:51,248 [INFO] SharedServices:72 - Folder for power plug-in: C:/Users/PAQUI/.stm32cubemx/plugins/power
2021-05-04 14:30:51,251 [INFO] SharedServices:72 - Folder for power plug-in: C:/Users/PAQUI/.stm32cubemx/plugins/power
2021-05-04 14:30:51,293 [INFO] UtilMem:74 - After build in PCC Used Memory: 813646216 Bytes (996147200)
2021-05-04 14:30:51,307 [INFO] IPUIPlugin:64 - create IPUIPlugin
2021-05-04 14:30:51,308 [INFO] IPUIPlugin:64 - create IPUIPlugin
2021-05-04 14:30:51,308 [INFO] IPUIPlugin:64 - create IPUIPlugin
2021-05-04 14:30:51,308 [INFO] IPUIPlugin:64 - create IPUIPlugin
2021-05-04 14:30:51,308 [INFO] IPUIPlugin:64 - create IPUIPlugin
2021-05-04 14:30:51,308 [INFO] IPUIPlugin:64 - create IPUIPlugin
2021-05-04 14:30:51,308 [INFO] IPUIPlugin:64 - create IPUIPlugin
2021-05-04 14:30:51,308 [INFO] IPUIPlugin:64 - create IPUIPlugin
2021-05-04 14:30:51,309 [INFO] IPUIPlugin:64 - create IPUIPlugin
2021-05-04 14:30:51,309 [INFO] IPUIPlugin:64 - create IPUIPlugin
2021-05-04 14:30:51,309 [INFO] IPUIPlugin:64 - create IPUIPlugin
2021-05-04 14:30:51,309 [INFO] IPUIPlugin:64 - create IPUIPlugin
2021-05-04 14:30:51,310 [INFO] IPUIPlugin:64 - create IPUIPlugin
2021-05-04 14:30:51,310 [INFO] IPUIPlugin:64 - create IPUIPlugin
2021-05-04 14:30:51,310 [INFO] IPUIPlugin:64 - create IPUIPlugin
2021-05-04 14:30:51,310 [INFO] IPUIPlugin:64 - create IPUIPlugin
2021-05-04 14:30:51,311 [INFO] IPUIPlugin:64 - create IPUIPlugin
2021-05-04 14:30:51,311 [INFO] IPUIPlugin:64 - create IPUIPlugin
2021-05-04 14:30:51,311 [INFO] IPUIPlugin:64 - create IPUIPlugin
2021-05-04 14:30:51,311 [INFO] IPUIPlugin:64 - create IPUIPlugin
2021-05-04 14:30:51,311 [INFO] IPUIPlugin:64 - create IPUIPlugin
2021-05-04 14:30:51,311 [INFO] IPUIPlugin:64 - create IPUIPlugin
2021-05-04 14:30:51,311 [INFO] IPUIPlugin:64 - create IPUIPlugin
2021-05-04 14:30:51,311 [INFO] IPUIPlugin:64 - create IPUIPlugin
2021-05-04 14:30:51,311 [INFO] IPUIPlugin:64 - create IPUIPlugin
2021-05-04 14:30:51,312 [INFO] IPUIPlugin:64 - create IPUIPlugin
2021-05-04 14:30:51,312 [INFO] IPUIPlugin:64 - create IPUIPlugin
2021-05-04 14:30:51,312 [INFO] IPUIPlugin:64 - create IPUIPlugin
2021-05-04 14:30:51,312 [INFO] IPUIPlugin:64 - create IPUIPlugin
2021-05-04 14:30:51,313 [INFO] IPUIPlugin:64 - create IPUIPlugin
2021-05-04 14:30:51,314 [INFO] IPUIPlugin:64 - create IPUIPlugin
2021-05-04 14:30:51,314 [INFO] IPUIPlugin:64 - create IPUIPlugin
2021-05-04 14:30:51,314 [INFO] IPUIPlugin:64 - create IPUIPlugin
2021-05-04 14:30:51,315 [INFO] IPUIPlugin:64 - create IPUIPlugin
2021-05-04 14:30:51,315 [INFO] IPUIPlugin:64 - create IPUIPlugin
2021-05-04 14:30:51,315 [INFO] IPUIPlugin:64 - create IPUIPlugin
2021-05-04 14:30:51,316 [INFO] IPUIPlugin:64 - create IPUIPlugin
2021-05-04 14:30:51,316 [INFO] IPUIPlugin:64 - create IPUIPlugin
2021-05-04 14:30:51,320 [INFO] ApiDbMcu:456 - Load IP Config File for PDM2PCM
2021-05-04 14:30:51,335 [INFO] OpenFileManager:294 - Restore cursor
2021-05-04 14:30:51,575 [INFO] UtilMem:74 - End SaveConfig() Used Memory: 456944264 Bytes (996147200)
2021-05-04 14:30:51,664 [INFO] UtilMem:74 - End SaveConfig() Used Memory: 463235720 Bytes (996147200)
2021-05-04 14:30:51,909 [INFO] BlockDiagram:2735 - set Specific Code input for plugin: NVIC
2021-05-04 14:30:51,910 [INFO] BlockDiagram:2735 - set Specific Code input for plugin: USART
2021-05-04 14:30:51,910 [INFO] BlockDiagram:2735 - set Specific Code input for plugin: SYS
2021-05-04 14:30:51,910 [INFO] BlockDiagram:2735 - set Specific Code input for plugin: GPIO
2021-05-04 14:30:51,910 [INFO] BlockDiagram:2735 - set Specific Code input for plugin: ADC
2021-05-04 14:30:51,910 [INFO] BlockDiagram:2735 - set Specific Code input for plugin: RCC
2021-05-04 14:30:51,911 [INFO] CodeGenerator:639 - code generatio: config db path: D:\Programas  uni\STM32CubeIDE_1.5.0\STM32CubeIDE\plugins\com.st.stm32cube.common.mx_6.1.0.202011121557\\db\
2021-05-04 14:30:52,253 [INFO] CodeEngine:229 - oldGeneratedFile, C:\Users\PAQUI\Desktop\Universidad\4\MASB\masb-pot-s-nopucmes\masb-pot-s-firmware\MXTmpFiles\license.tmp_save
2021-05-04 14:30:52,397 [INFO] CodeEngine:247 - Generated code: C:\Users\PAQUI\Desktop\Universidad\4\MASB\masb-pot-s-nopucmes\masb-pot-s-firmware\MXTmpFiles\license.tmp
2021-05-04 14:30:52,421 [INFO] CodeEngine:229 - oldGeneratedFile, C:\Users\PAQUI\Desktop\Universidad\4\MASB\masb-pot-s-nopucmes\masb-pot-s-firmware\MXTmpFiles\gpio.tmp_save
2021-05-04 14:30:52,505 [INFO] CodeEngine:247 - Generated code: C:\Users\PAQUI\Desktop\Universidad\4\MASB\masb-pot-s-nopucmes\masb-pot-s-firmware\MXTmpFiles\gpio.tmp
2021-05-04 14:30:52,570 [INFO] LogOutputStream:76 - [STDOUT_REDIRECT] Command line
2021-05-04 14:30:52,572 [INFO] LogOutputStream:76 - [STDOUT_REDIRECT] Command line
2021-05-04 14:30:52,582 [INFO] CodeEngine:229 - oldGeneratedFile, C:\Users\PAQUI\Desktop\Universidad\4\MASB\masb-pot-s-nopucmes\masb-pot-s-firmware\Core\Src\stm32f4xx_it.c_save
2021-05-04 14:30:52,679 [INFO] CodeEngine:247 - Generated code: C:\Users\PAQUI\Desktop\Universidad\4\MASB\masb-pot-s-nopucmes\masb-pot-s-firmware\Core\Src\stm32f4xx_it.c
2021-05-04 14:30:52,683 [INFO] CodeEngine:229 - oldGeneratedFile, C:\Users\PAQUI\Desktop\Universidad\4\MASB\masb-pot-s-nopucmes\masb-pot-s-firmware\Core\Inc\stm32f4xx_it.h_save
2021-05-04 14:30:52,742 [INFO] CodeEngine:247 - Generated code: C:\Users\PAQUI\Desktop\Universidad\4\MASB\masb-pot-s-nopucmes\masb-pot-s-firmware\Core\Inc\stm32f4xx_it.h
2021-05-04 14:30:52,754 [INFO] CodeEngine:229 - oldGeneratedFile, C:\Users\PAQUI\Desktop\Universidad\4\MASB\masb-pot-s-nopucmes\masb-pot-s-firmware\Core\Src\stm32f4xx_hal_msp.c_save
2021-05-04 14:30:52,866 [INFO] CodeEngine:247 - Generated code: C:\Users\PAQUI\Desktop\Universidad\4\MASB\masb-pot-s-nopucmes\masb-pot-s-firmware\Core\Src\stm32f4xx_hal_msp.c
2021-05-04 14:30:52,870 [INFO] CodeEngine:229 - oldGeneratedFile, C:\Users\PAQUI\Desktop\Universidad\4\MASB\masb-pot-s-nopucmes\masb-pot-s-firmware\MXTmpFiles\system.tmp_save
2021-05-04 14:30:52,920 [INFO] CodeEngine:247 - Generated code: C:\Users\PAQUI\Desktop\Universidad\4\MASB\masb-pot-s-nopucmes\masb-pot-s-firmware\MXTmpFiles\system.tmp
2021-05-04 14:30:52,929 [INFO] CodeEngine:229 - oldGeneratedFile, C:\Users\PAQUI\Desktop\Universidad\4\MASB\masb-pot-s-nopucmes\masb-pot-s-firmware\Core\Inc\stm32f4xx_hal_conf.h_save
2021-05-04 14:30:53,015 [INFO] CodeEngine:247 - Generated code: C:\Users\PAQUI\Desktop\Universidad\4\MASB\masb-pot-s-nopucmes\masb-pot-s-firmware\Core\Inc\stm32f4xx_hal_conf.h
2021-05-04 14:30:53,047 [INFO] CodeEngine:229 - oldGeneratedFile, C:\Users\PAQUI\Desktop\Universidad\4\MASB\masb-pot-s-nopucmes\masb-pot-s-firmware\Core\Inc\main.h_save
2021-05-04 14:30:53,124 [INFO] CodeEngine:247 - Generated code: C:\Users\PAQUI\Desktop\Universidad\4\MASB\masb-pot-s-nopucmes\masb-pot-s-firmware\Core\Inc\main.h
2021-05-04 14:30:53,128 [INFO] CodeEngine:229 - oldGeneratedFile, C:\Users\PAQUI\Desktop\Universidad\4\MASB\masb-pot-s-nopucmes\masb-pot-s-firmware\Core\Src\main.c_save
2021-05-04 14:30:53,221 [INFO] CodeEngine:247 - Generated code: C:\Users\PAQUI\Desktop\Universidad\4\MASB\masb-pot-s-nopucmes\masb-pot-s-firmware\Core\Src\main.c
2021-05-04 14:30:53,911 [INFO] ProjectBuilder:2328 - Time for Copy HAL[1] : 94mS.
2021-05-04 14:30:53,919 [INFO] ProjectBuilder:3259 - Project Generator version: 3.11.0-B13
2021-05-04 14:30:54,256 [INFO] ConfigFileManager:1238 - The Die is : DIE433
2021-05-04 14:30:54,258 [INFO] ApiDbMcu:456 - Load IP Config File for FATFS
2021-05-04 14:30:54,261 [INFO] ApiDbMcu:456 - Load IP Config File for FREERTOS
2021-05-04 14:30:54,262 [INFO] ApiDbMcu:456 - Load IP Config File for LIBJPEG
2021-05-04 14:30:54,267 [INFO] ApiDbMcu:456 - Load IP Config File for MBEDTLS
2021-05-04 14:30:54,279 [INFO] ApiDbMcu:456 - Load IP Config File for USB_DEVICE
2021-05-04 14:30:54,285 [INFO] ApiDbMcu:456 - Load IP Config File for USB_HOST
2021-05-04 14:30:58,339 [INFO] ProjectBuilder:3425 - Time for Generating toolchain IDE Files: 4420mS.
2021-05-04 14:30:58,340 [INFO] ProjectBuilder:2207 - Time for Copy CMSIS : 0mS.
2021-05-04 14:30:58,350 [INFO] ProjectBuilder:2207 - Time for Copy CMSIS : 0mS.
2021-05-04 14:30:58,638 [INFO] ApiDb:263 - Save user favorites file C:\Users\PAQUI/.stm32cubeide/favorites.mcus.txt: 0 item(s)
2021-05-04 14:30:58,639 [INFO] ApiDb:267 - User favorites MCUs=[]
2021-05-04 14:31:36,798 [INFO] UtilMem:74 - End SaveConfig() Used Memory: 626724560 Bytes (1043333120)
2021-05-04 14:32:49,819 [INFO] UtilMem:74 - End SaveConfig() Used Memory: 587369808 Bytes (1043333120)
2021-05-04 14:32:50,886 [INFO] UtilMem:74 - End SaveConfig() Used Memory: 596280664 Bytes (1043333120)
2021-05-04 14:32:54,954 [INFO] UtilMem:74 - End SaveConfig() Used Memory: 750421336 Bytes (1043333120)
2021-05-04 14:32:55,213 [INFO] BlockDiagram:2735 - set Specific Code input for plugin: NVIC
2021-05-04 14:32:55,214 [INFO] BlockDiagram:2735 - set Specific Code input for plugin: USART
2021-05-04 14:32:55,214 [INFO] BlockDiagram:2735 - set Specific Code input for plugin: SYS
2021-05-04 14:32:55,214 [INFO] BlockDiagram:2735 - set Specific Code input for plugin: GPIO
2021-05-04 14:32:55,214 [INFO] BlockDiagram:2735 - set Specific Code input for plugin: ADC
2021-05-04 14:32:55,214 [INFO] BlockDiagram:2735 - set Specific Code input for plugin: RCC
2021-05-04 14:32:55,216 [INFO] CodeGenerator:639 - code generatio: config db path: D:\Programas  uni\STM32CubeIDE_1.5.0\STM32CubeIDE\plugins\com.st.stm32cube.common.mx_6.1.0.202011121557\\db\
2021-05-04 14:32:55,402 [INFO] CodeEngine:229 - oldGeneratedFile, C:\Users\PAQUI\Desktop\Universidad\4\MASB\masb-pot-s-nopucmes\masb-pot-s-firmware\MXTmpFiles\license.tmp_save
2021-05-04 14:32:55,550 [INFO] CodeEngine:247 - Generated code: C:\Users\PAQUI\Desktop\Universidad\4\MASB\masb-pot-s-nopucmes\masb-pot-s-firmware\MXTmpFiles\license.tmp
2021-05-04 14:32:55,595 [INFO] CodeEngine:229 - oldGeneratedFile, C:\Users\PAQUI\Desktop\Universidad\4\MASB\masb-pot-s-nopucmes\masb-pot-s-firmware\MXTmpFiles\gpio.tmp_save
2021-05-04 14:32:55,663 [INFO] CodeEngine:247 - Generated code: C:\Users\PAQUI\Desktop\Universidad\4\MASB\masb-pot-s-nopucmes\masb-pot-s-firmware\MXTmpFiles\gpio.tmp
2021-05-04 14:32:55,721 [INFO] LogOutputStream:76 - [STDOUT_REDIRECT] Command line
2021-05-04 14:32:55,724 [INFO] LogOutputStream:76 - [STDOUT_REDIRECT] Command line
2021-05-04 14:32:55,762 [INFO] CodeEngine:229 - oldGeneratedFile, C:\Users\PAQUI\Desktop\Universidad\4\MASB\masb-pot-s-nopucmes\masb-pot-s-firmware\Core\Src\stm32f4xx_it.c_save
2021-05-04 14:32:55,876 [INFO] CodeEngine:247 - Generated code: C:\Users\PAQUI\Desktop\Universidad\4\MASB\masb-pot-s-nopucmes\masb-pot-s-firmware\Core\Src\stm32f4xx_it.c
2021-05-04 14:32:55,885 [INFO] CodeEngine:229 - oldGeneratedFile, C:\Users\PAQUI\Desktop\Universidad\4\MASB\masb-pot-s-nopucmes\masb-pot-s-firmware\Core\Inc\stm32f4xx_it.h_save
2021-05-04 14:32:55,985 [INFO] CodeEngine:247 - Generated code: C:\Users\PAQUI\Desktop\Universidad\4\MASB\masb-pot-s-nopucmes\masb-pot-s-firmware\Core\Inc\stm32f4xx_it.h
2021-05-04 14:32:56,026 [INFO] CodeEngine:229 - oldGeneratedFile, C:\Users\PAQUI\Desktop\Universidad\4\MASB\masb-pot-s-nopucmes\masb-pot-s-firmware\Core\Src\stm32f4xx_hal_msp.c_save
2021-05-04 14:32:56,166 [INFO] CodeEngine:247 - Generated code: C:\Users\PAQUI\Desktop\Universidad\4\MASB\masb-pot-s-nopucmes\masb-pot-s-firmware\Core\Src\stm32f4xx_hal_msp.c
2021-05-04 14:32:56,176 [INFO] CodeEngine:229 - oldGeneratedFile, C:\Users\PAQUI\Desktop\Universidad\4\MASB\masb-pot-s-nopucmes\masb-pot-s-firmware\MXTmpFiles\system.tmp_save
2021-05-04 14:32:56,246 [INFO] CodeEngine:247 - Generated code: C:\Users\PAQUI\Desktop\Universidad\4\MASB\masb-pot-s-nopucmes\masb-pot-s-firmware\MXTmpFiles\system.tmp
2021-05-04 14:32:56,284 [INFO] CodeEngine:229 - oldGeneratedFile, C:\Users\PAQUI\Desktop\Universidad\4\MASB\masb-pot-s-nopucmes\masb-pot-s-firmware\Core\Inc\stm32f4xx_hal_conf.h_save
2021-05-04 14:32:56,381 [INFO] CodeEngine:247 - Generated code: C:\Users\PAQUI\Desktop\Universidad\4\MASB\masb-pot-s-nopucmes\masb-pot-s-firmware\Core\Inc\stm32f4xx_hal_conf.h
2021-05-04 14:32:56,441 [INFO] CodeEngine:229 - oldGeneratedFile, C:\Users\PAQUI\Desktop\Universidad\4\MASB\masb-pot-s-nopucmes\masb-pot-s-firmware\Core\Inc\main.h_save
2021-05-04 14:32:56,558 [INFO] CodeEngine:247 - Generated code: C:\Users\PAQUI\Desktop\Universidad\4\MASB\masb-pot-s-nopucmes\masb-pot-s-firmware\Core\Inc\main.h
2021-05-04 14:32:56,570 [INFO] CodeEngine:229 - oldGeneratedFile, C:\Users\PAQUI\Desktop\Universidad\4\MASB\masb-pot-s-nopucmes\masb-pot-s-firmware\Core\Src\main.c_save
2021-05-04 14:32:56,700 [INFO] CodeEngine:247 - Generated code: C:\Users\PAQUI\Desktop\Universidad\4\MASB\masb-pot-s-nopucmes\masb-pot-s-firmware\Core\Src\main.c
2021-05-04 14:32:57,210 [INFO] ProjectBuilder:2328 - Time for Copy HAL[1] : 119mS.
2021-05-04 14:32:57,215 [INFO] ProjectBuilder:3259 - Project Generator version: 3.11.0-B13
2021-05-04 14:32:57,859 [INFO] ConfigFileManager:1238 - The Die is : DIE433
2021-05-04 14:32:59,640 [INFO] ProjectBuilder:3425 - Time for Generating toolchain IDE Files: 2425mS.
2021-05-04 14:32:59,642 [INFO] ProjectBuilder:2207 - Time for Copy CMSIS : 1mS.
2021-05-04 14:32:59,650 [INFO] ProjectBuilder:2207 - Time for Copy CMSIS : 0mS.
2021-05-05 15:11:39,095 [INFO] Activator:170 - 


2021-05-05 15:11:39,100 [INFO] Activator:171 - !SESSION log4j initialized
